{"/mnt/x/viteMoney/src/App.tsx": {"path":"/mnt/x/viteMoney/src/App.tsx","statementMap":{"0":{"start":{"line":14,"column":14},"end":{"line":43,"column":null}},"1":{"start":{"line":47,"column":2},"end":{"line":52,"column":null}},"2":{"start":{"line":48,"column":24},"end":{"line":50,"column":null}},"3":{"start":{"line":51,"column":4},"end":{"line":51,"column":null}},"4":{"start":{"line":51,"column":17},"end":{"line":51,"column":null}},"5":{"start":{"line":54,"column":2},"end":{"line":66,"column":null}}},"fnMap":{"0":{"name":"App","decl":{"start":{"line":45,"column":9},"end":{"line":45,"column":15}},"loc":{"start":{"line":45,"column":15},"end":{"line":68,"column":null}},"line":45},"1":{"name":"(anonymous_1)","decl":{"start":{"line":47,"column":12},"end":{"line":47,"column":18}},"loc":{"start":{"line":47,"column":18},"end":{"line":52,"column":5}},"line":47},"2":{"name":"(anonymous_2)","decl":{"start":{"line":48,"column":47},"end":{"line":48,"column":53}},"loc":{"start":{"line":48,"column":53},"end":{"line":50,"column":5}},"line":48},"3":{"name":"(anonymous_3)","decl":{"start":{"line":51,"column":11},"end":{"line":51,"column":17}},"loc":{"start":{"line":51,"column":17},"end":{"line":51,"column":null}},"line":51}},"branchMap":{},"s":{"0":0,"1":0,"2":0,"3":0,"4":0,"5":0},"f":{"0":0,"1":0,"2":0,"3":0},"b":{},"meta":{"lastBranch":0,"lastFunction":4,"lastStatement":6,"seen":{"s:14:14:43:Infinity":0,"f:45:9:45:15":0,"s:47:2:52:Infinity":1,"f:47:12:47:18":1,"s:48:24:50:Infinity":2,"f:48:47:48:53":2,"s:51:4:51:Infinity":3,"f:51:11:51:17":3,"s:51:17:51:Infinity":4,"s:54:2:66:Infinity":5}}}
,"/mnt/x/viteMoney/src/api/account.ts": {"path":"/mnt/x/viteMoney/src/api/account.ts","statementMap":{"0":{"start":{"line":54,"column":27},"end":{"line":56,"column":null}},"1":{"start":{"line":55,"column":2},"end":{"line":55,"column":null}},"2":{"start":{"line":59,"column":29},"end":{"line":61,"column":null}},"3":{"start":{"line":60,"column":2},"end":{"line":60,"column":null}},"4":{"start":{"line":64,"column":29},"end":{"line":66,"column":null}},"5":{"start":{"line":65,"column":2},"end":{"line":65,"column":null}},"6":{"start":{"line":69,"column":29},"end":{"line":71,"column":null}},"7":{"start":{"line":70,"column":2},"end":{"line":70,"column":null}},"8":{"start":{"line":74,"column":36},"end":{"line":76,"column":null}},"9":{"start":{"line":75,"column":2},"end":{"line":75,"column":null}},"10":{"start":{"line":79,"column":33},"end":{"line":81,"column":null}},"11":{"start":{"line":80,"column":2},"end":{"line":80,"column":null}}},"fnMap":{"0":{"name":"(anonymous_0)","decl":{"start":{"line":54,"column":27},"end":{"line":54,"column":53}},"loc":{"start":{"line":54,"column":53},"end":{"line":56,"column":null}},"line":54},"1":{"name":"(anonymous_1)","decl":{"start":{"line":59,"column":29},"end":{"line":59,"column":30}},"loc":{"start":{"line":59,"column":78},"end":{"line":61,"column":null}},"line":59},"2":{"name":"(anonymous_2)","decl":{"start":{"line":64,"column":29},"end":{"line":64,"column":30}},"loc":{"start":{"line":64,"column":90},"end":{"line":66,"column":null}},"line":64},"3":{"name":"(anonymous_3)","decl":{"start":{"line":69,"column":29},"end":{"line":69,"column":30}},"loc":{"start":{"line":69,"column":75},"end":{"line":71,"column":null}},"line":69},"4":{"name":"(anonymous_4)","decl":{"start":{"line":74,"column":36},"end":{"line":74,"column":37}},"loc":{"start":{"line":74,"column":127},"end":{"line":76,"column":null}},"line":74},"5":{"name":"(anonymous_5)","decl":{"start":{"line":79,"column":33},"end":{"line":79,"column":64}},"loc":{"start":{"line":79,"column":64},"end":{"line":81,"column":null}},"line":79}},"branchMap":{},"s":{"0":0,"1":0,"2":0,"3":0,"4":0,"5":0,"6":0,"7":0,"8":0,"9":0,"10":0,"11":0},"f":{"0":0,"1":0,"2":0,"3":0,"4":0,"5":0},"b":{},"meta":{"lastBranch":0,"lastFunction":6,"lastStatement":12,"seen":{"s:54:27:56:Infinity":0,"f:54:27:54:53":0,"s:55:2:55:Infinity":1,"s:59:29:61:Infinity":2,"f:59:29:59:30":1,"s:60:2:60:Infinity":3,"s:64:29:66:Infinity":4,"f:64:29:64:30":2,"s:65:2:65:Infinity":5,"s:69:29:71:Infinity":6,"f:69:29:69:30":3,"s:70:2:70:Infinity":7,"s:74:36:76:Infinity":8,"f:74:36:74:37":4,"s:75:2:75:Infinity":9,"s:79:33:81:Infinity":10,"f:79:33:79:64":5,"s:80:2:80:Infinity":11}}}
,"/mnt/x/viteMoney/src/api/auth.ts": {"path":"/mnt/x/viteMoney/src/api/auth.ts","statementMap":{"0":{"start":{"line":42,"column":21},"end":{"line":44,"column":null}},"1":{"start":{"line":43,"column":2},"end":{"line":43,"column":null}},"2":{"start":{"line":47,"column":24},"end":{"line":49,"column":null}},"3":{"start":{"line":48,"column":2},"end":{"line":48,"column":null}},"4":{"start":{"line":52,"column":28},"end":{"line":54,"column":null}},"5":{"start":{"line":53,"column":2},"end":{"line":53,"column":null}},"6":{"start":{"line":57,"column":22},"end":{"line":59,"column":null}},"7":{"start":{"line":58,"column":2},"end":{"line":58,"column":null}},"8":{"start":{"line":62,"column":25},"end":{"line":64,"column":null}},"9":{"start":{"line":63,"column":2},"end":{"line":63,"column":null}},"10":{"start":{"line":67,"column":26},"end":{"line":69,"column":null}},"11":{"start":{"line":68,"column":2},"end":{"line":68,"column":null}}},"fnMap":{"0":{"name":"(anonymous_0)","decl":{"start":{"line":42,"column":21},"end":{"line":42,"column":22}},"loc":{"start":{"line":42,"column":67},"end":{"line":44,"column":null}},"line":42},"1":{"name":"(anonymous_1)","decl":{"start":{"line":47,"column":24},"end":{"line":47,"column":25}},"loc":{"start":{"line":47,"column":73},"end":{"line":49,"column":null}},"line":47},"2":{"name":"(anonymous_2)","decl":{"start":{"line":52,"column":28},"end":{"line":52,"column":29}},"loc":{"start":{"line":52,"column":76},"end":{"line":54,"column":null}},"line":52},"3":{"name":"(anonymous_3)","decl":{"start":{"line":57,"column":22},"end":{"line":57,"column":23}},"loc":{"start":{"line":57,"column":77},"end":{"line":59,"column":null}},"line":57},"4":{"name":"(anonymous_4)","decl":{"start":{"line":62,"column":25},"end":{"line":62,"column":61}},"loc":{"start":{"line":62,"column":61},"end":{"line":64,"column":null}},"line":62},"5":{"name":"(anonymous_5)","decl":{"start":{"line":67,"column":26},"end":{"line":67,"column":79}},"loc":{"start":{"line":67,"column":79},"end":{"line":69,"column":null}},"line":67}},"branchMap":{},"s":{"0":0,"1":0,"2":0,"3":0,"4":0,"5":0,"6":0,"7":0,"8":0,"9":0,"10":0,"11":0},"f":{"0":0,"1":0,"2":0,"3":0,"4":0,"5":0},"b":{},"meta":{"lastBranch":0,"lastFunction":6,"lastStatement":12,"seen":{"s:42:21:44:Infinity":0,"f:42:21:42:22":0,"s:43:2:43:Infinity":1,"s:47:24:49:Infinity":2,"f:47:24:47:25":1,"s:48:2:48:Infinity":3,"s:52:28:54:Infinity":4,"f:52:28:52:29":2,"s:53:2:53:Infinity":5,"s:57:22:59:Infinity":6,"f:57:22:57:23":3,"s:58:2:58:Infinity":7,"s:62:25:64:Infinity":8,"f:62:25:62:61":4,"s:63:2:63:Infinity":9,"s:67:26:69:Infinity":10,"f:67:26:67:79":5,"s:68:2:68:Infinity":11}}}
,"/mnt/x/viteMoney/src/api/budget.ts": {"path":"/mnt/x/viteMoney/src/api/budget.ts","statementMap":{"0":{"start":{"line":27,"column":32},"end":{"line":29,"column":null}},"1":{"start":{"line":28,"column":2},"end":{"line":28,"column":null}},"2":{"start":{"line":32,"column":30},"end":{"line":34,"column":null}},"3":{"start":{"line":33,"column":2},"end":{"line":33,"column":null}},"4":{"start":{"line":37,"column":25},"end":{"line":39,"column":null}},"5":{"start":{"line":38,"column":2},"end":{"line":38,"column":null}},"6":{"start":{"line":42,"column":28},"end":{"line":44,"column":null}},"7":{"start":{"line":43,"column":2},"end":{"line":43,"column":null}},"8":{"start":{"line":47,"column":30},"end":{"line":49,"column":null}},"9":{"start":{"line":48,"column":2},"end":{"line":48,"column":null}},"10":{"start":{"line":52,"column":32},"end":{"line":54,"column":null}},"11":{"start":{"line":53,"column":2},"end":{"line":53,"column":null}}},"fnMap":{"0":{"name":"(anonymous_0)","decl":{"start":{"line":27,"column":32},"end":{"line":27,"column":100}},"loc":{"start":{"line":27,"column":100},"end":{"line":29,"column":null}},"line":27},"1":{"name":"(anonymous_1)","decl":{"start":{"line":32,"column":30},"end":{"line":32,"column":31}},"loc":{"start":{"line":32,"column":107},"end":{"line":34,"column":null}},"line":32},"2":{"name":"(anonymous_2)","decl":{"start":{"line":37,"column":25},"end":{"line":37,"column":26}},"loc":{"start":{"line":37,"column":108},"end":{"line":39,"column":null}},"line":37},"3":{"name":"(anonymous_3)","decl":{"start":{"line":42,"column":28},"end":{"line":42,"column":29}},"loc":{"start":{"line":42,"column":91},"end":{"line":44,"column":null}},"line":42},"4":{"name":"(anonymous_4)","decl":{"start":{"line":47,"column":30},"end":{"line":47,"column":58}},"loc":{"start":{"line":47,"column":58},"end":{"line":49,"column":null}},"line":47},"5":{"name":"(anonymous_5)","decl":{"start":{"line":52,"column":32},"end":{"line":52,"column":33}},"loc":{"start":{"line":52,"column":96},"end":{"line":54,"column":null}},"line":52}},"branchMap":{"0":{"loc":{"start":{"line":52,"column":33},"end":{"line":52,"column":96}},"type":"default-arg","locations":[{"start":{"line":52,"column":50},"end":{"line":52,"column":96}}],"line":52}},"s":{"0":0,"1":0,"2":0,"3":0,"4":0,"5":0,"6":0,"7":0,"8":0,"9":0,"10":0,"11":0},"f":{"0":0,"1":0,"2":0,"3":0,"4":0,"5":0},"b":{"0":[0]},"meta":{"lastBranch":1,"lastFunction":6,"lastStatement":12,"seen":{"s:27:32:29:Infinity":0,"f:27:32:27:100":0,"s:28:2:28:Infinity":1,"s:32:30:34:Infinity":2,"f:32:30:32:31":1,"s:33:2:33:Infinity":3,"s:37:25:39:Infinity":4,"f:37:25:37:26":2,"s:38:2:38:Infinity":5,"s:42:28:44:Infinity":6,"f:42:28:42:29":3,"s:43:2:43:Infinity":7,"s:47:30:49:Infinity":8,"f:47:30:47:58":4,"s:48:2:48:Infinity":9,"s:52:32:54:Infinity":10,"f:52:32:52:33":5,"b:52:50:52:96":0,"s:53:2:53:Infinity":11}}}
,"/mnt/x/viteMoney/src/api/category.ts": {"path":"/mnt/x/viteMoney/src/api/category.ts","statementMap":{"0":{"start":{"line":36,"column":36},"end":{"line":38,"column":null}},"1":{"start":{"line":37,"column":2},"end":{"line":37,"column":null}},"2":{"start":{"line":41,"column":35},"end":{"line":43,"column":null}},"3":{"start":{"line":42,"column":2},"end":{"line":42,"column":null}},"4":{"start":{"line":46,"column":32},"end":{"line":48,"column":null}},"5":{"start":{"line":47,"column":2},"end":{"line":47,"column":null}},"6":{"start":{"line":53,"column":30},"end":{"line":55,"column":null}},"7":{"start":{"line":54,"column":2},"end":{"line":54,"column":null}},"8":{"start":{"line":58,"column":30},"end":{"line":60,"column":null}},"9":{"start":{"line":59,"column":2},"end":{"line":59,"column":null}},"10":{"start":{"line":63,"column":30},"end":{"line":65,"column":null}},"11":{"start":{"line":64,"column":2},"end":{"line":64,"column":null}}},"fnMap":{"0":{"name":"(anonymous_0)","decl":{"start":{"line":36,"column":36},"end":{"line":36,"column":63}},"loc":{"start":{"line":36,"column":63},"end":{"line":38,"column":null}},"line":36},"1":{"name":"(anonymous_1)","decl":{"start":{"line":41,"column":35},"end":{"line":41,"column":62}},"loc":{"start":{"line":41,"column":62},"end":{"line":43,"column":null}},"line":41},"2":{"name":"(anonymous_2)","decl":{"start":{"line":46,"column":32},"end":{"line":46,"column":92}},"loc":{"start":{"line":46,"column":92},"end":{"line":48,"column":null}},"line":46},"3":{"name":"(anonymous_3)","decl":{"start":{"line":53,"column":30},"end":{"line":53,"column":31}},"loc":{"start":{"line":53,"column":81},"end":{"line":55,"column":null}},"line":53},"4":{"name":"(anonymous_4)","decl":{"start":{"line":58,"column":30},"end":{"line":58,"column":31}},"loc":{"start":{"line":58,"column":93},"end":{"line":60,"column":null}},"line":58},"5":{"name":"(anonymous_5)","decl":{"start":{"line":63,"column":30},"end":{"line":63,"column":31}},"loc":{"start":{"line":63,"column":76},"end":{"line":65,"column":null}},"line":63}},"branchMap":{},"s":{"0":0,"1":0,"2":0,"3":0,"4":0,"5":0,"6":0,"7":0,"8":0,"9":0,"10":0,"11":0},"f":{"0":0,"1":0,"2":0,"3":0,"4":0,"5":0},"b":{},"meta":{"lastBranch":0,"lastFunction":6,"lastStatement":12,"seen":{"s:36:36:38:Infinity":0,"f:36:36:36:63":0,"s:37:2:37:Infinity":1,"s:41:35:43:Infinity":2,"f:41:35:41:62":1,"s:42:2:42:Infinity":3,"s:46:32:48:Infinity":4,"f:46:32:46:92":2,"s:47:2:47:Infinity":5,"s:53:30:55:Infinity":6,"f:53:30:53:31":3,"s:54:2:54:Infinity":7,"s:58:30:60:Infinity":8,"f:58:30:58:31":4,"s:59:2:59:Infinity":9,"s:63:30:65:Infinity":10,"f:63:30:63:31":5,"s:64:2:64:Infinity":11}}}
,"/mnt/x/viteMoney/src/api/debt.ts": {"path":"/mnt/x/viteMoney/src/api/debt.ts","statementMap":{"0":{"start":{"line":63,"column":24},"end":{"line":65,"column":null}},"1":{"start":{"line":64,"column":2},"end":{"line":64,"column":null}},"2":{"start":{"line":68,"column":26},"end":{"line":70,"column":null}},"3":{"start":{"line":69,"column":2},"end":{"line":69,"column":null}},"4":{"start":{"line":73,"column":26},"end":{"line":75,"column":null}},"5":{"start":{"line":74,"column":2},"end":{"line":74,"column":null}},"6":{"start":{"line":78,"column":26},"end":{"line":80,"column":null}},"7":{"start":{"line":79,"column":2},"end":{"line":79,"column":null}},"8":{"start":{"line":83,"column":25},"end":{"line":85,"column":null}},"9":{"start":{"line":84,"column":2},"end":{"line":84,"column":null}},"10":{"start":{"line":88,"column":30},"end":{"line":90,"column":null}},"11":{"start":{"line":89,"column":2},"end":{"line":89,"column":null}}},"fnMap":{"0":{"name":"(anonymous_0)","decl":{"start":{"line":63,"column":24},"end":{"line":63,"column":47}},"loc":{"start":{"line":63,"column":47},"end":{"line":65,"column":null}},"line":63},"1":{"name":"(anonymous_1)","decl":{"start":{"line":68,"column":26},"end":{"line":68,"column":27}},"loc":{"start":{"line":68,"column":69},"end":{"line":70,"column":null}},"line":68},"2":{"name":"(anonymous_2)","decl":{"start":{"line":73,"column":26},"end":{"line":73,"column":27}},"loc":{"start":{"line":73,"column":81},"end":{"line":75,"column":null}},"line":73},"3":{"name":"(anonymous_3)","decl":{"start":{"line":78,"column":26},"end":{"line":78,"column":27}},"loc":{"start":{"line":78,"column":72},"end":{"line":80,"column":null}},"line":78},"4":{"name":"(anonymous_4)","decl":{"start":{"line":83,"column":25},"end":{"line":83,"column":26}},"loc":{"start":{"line":83,"column":102},"end":{"line":85,"column":null}},"line":83},"5":{"name":"(anonymous_5)","decl":{"start":{"line":88,"column":30},"end":{"line":88,"column":58}},"loc":{"start":{"line":88,"column":58},"end":{"line":90,"column":null}},"line":88}},"branchMap":{},"s":{"0":0,"1":0,"2":0,"3":0,"4":0,"5":0,"6":0,"7":0,"8":0,"9":0,"10":0,"11":0},"f":{"0":0,"1":0,"2":0,"3":0,"4":0,"5":0},"b":{},"meta":{"lastBranch":0,"lastFunction":6,"lastStatement":12,"seen":{"s:63:24:65:Infinity":0,"f:63:24:63:47":0,"s:64:2:64:Infinity":1,"s:68:26:70:Infinity":2,"f:68:26:68:27":1,"s:69:2:69:Infinity":3,"s:73:26:75:Infinity":4,"f:73:26:73:27":2,"s:74:2:74:Infinity":5,"s:78:26:80:Infinity":6,"f:78:26:78:27":3,"s:79:2:79:Infinity":7,"s:83:25:85:Infinity":8,"f:83:25:83:26":4,"s:84:2:84:Infinity":9,"s:88:30:90:Infinity":10,"f:88:30:88:58":5,"s:89:2:89:Infinity":11}}}
,"/mnt/x/viteMoney/src/api/record.ts": {"path":"/mnt/x/viteMoney/src/api/record.ts","statementMap":{"0":{"start":{"line":25,"column":31},"end":{"line":27,"column":null}},"1":{"start":{"line":26,"column":2},"end":{"line":26,"column":null}},"2":{"start":{"line":30,"column":32},"end":{"line":32,"column":null}},"3":{"start":{"line":31,"column":2},"end":{"line":31,"column":null}},"4":{"start":{"line":35,"column":26},"end":{"line":37,"column":null}},"5":{"start":{"line":36,"column":2},"end":{"line":36,"column":null}},"6":{"start":{"line":40,"column":32},"end":{"line":42,"column":null}},"7":{"start":{"line":41,"column":2},"end":{"line":41,"column":null}},"8":{"start":{"line":56,"column":38},"end":{"line":58,"column":null}},"9":{"start":{"line":57,"column":2},"end":{"line":57,"column":null}},"10":{"start":{"line":61,"column":28},"end":{"line":63,"column":null}},"11":{"start":{"line":62,"column":2},"end":{"line":62,"column":null}},"12":{"start":{"line":66,"column":28},"end":{"line":68,"column":null}},"13":{"start":{"line":67,"column":2},"end":{"line":67,"column":null}},"14":{"start":{"line":71,"column":28},"end":{"line":73,"column":null}},"15":{"start":{"line":72,"column":2},"end":{"line":72,"column":null}},"16":{"start":{"line":76,"column":29},"end":{"line":78,"column":null}},"17":{"start":{"line":77,"column":2},"end":{"line":77,"column":null}},"18":{"start":{"line":81,"column":37},"end":{"line":83,"column":null}},"19":{"start":{"line":82,"column":2},"end":{"line":82,"column":null}},"20":{"start":{"line":110,"column":34},"end":{"line":112,"column":null}},"21":{"start":{"line":111,"column":2},"end":{"line":111,"column":null}},"22":{"start":{"line":149,"column":29},"end":{"line":151,"column":null}},"23":{"start":{"line":150,"column":2},"end":{"line":150,"column":null}},"24":{"start":{"line":154,"column":32},"end":{"line":156,"column":null}},"25":{"start":{"line":155,"column":2},"end":{"line":155,"column":null}},"26":{"start":{"line":183,"column":31},"end":{"line":185,"column":null}},"27":{"start":{"line":184,"column":2},"end":{"line":184,"column":null}},"28":{"start":{"line":188,"column":38},"end":{"line":190,"column":null}},"29":{"start":{"line":189,"column":2},"end":{"line":189,"column":null}}},"fnMap":{"0":{"name":"(anonymous_0)","decl":{"start":{"line":25,"column":31},"end":{"line":25,"column":32}},"loc":{"start":{"line":25,"column":74},"end":{"line":27,"column":null}},"line":25},"1":{"name":"(anonymous_1)","decl":{"start":{"line":30,"column":32},"end":{"line":30,"column":61}},"loc":{"start":{"line":30,"column":61},"end":{"line":32,"column":null}},"line":30},"2":{"name":"(anonymous_2)","decl":{"start":{"line":35,"column":26},"end":{"line":35,"column":27}},"loc":{"start":{"line":35,"column":119},"end":{"line":37,"column":null}},"line":35},"3":{"name":"(anonymous_3)","decl":{"start":{"line":40,"column":32},"end":{"line":40,"column":33}},"loc":{"start":{"line":40,"column":175},"end":{"line":42,"column":null}},"line":40},"4":{"name":"(anonymous_4)","decl":{"start":{"line":56,"column":38},"end":{"line":56,"column":39}},"loc":{"start":{"line":56,"column":120},"end":{"line":58,"column":null}},"line":56},"5":{"name":"(anonymous_5)","decl":{"start":{"line":61,"column":28},"end":{"line":61,"column":29}},"loc":{"start":{"line":61,"column":83},"end":{"line":63,"column":null}},"line":61},"6":{"name":"(anonymous_6)","decl":{"start":{"line":66,"column":28},"end":{"line":66,"column":29}},"loc":{"start":{"line":66,"column":92},"end":{"line":68,"column":null}},"line":66},"7":{"name":"(anonymous_7)","decl":{"start":{"line":71,"column":28},"end":{"line":71,"column":29}},"loc":{"start":{"line":71,"column":59},"end":{"line":73,"column":null}},"line":71},"8":{"name":"(anonymous_8)","decl":{"start":{"line":76,"column":29},"end":{"line":76,"column":30}},"loc":{"start":{"line":76,"column":114},"end":{"line":78,"column":null}},"line":76},"9":{"name":"(anonymous_9)","decl":{"start":{"line":81,"column":37},"end":{"line":81,"column":73}},"loc":{"start":{"line":81,"column":73},"end":{"line":83,"column":null}},"line":81},"10":{"name":"(anonymous_10)","decl":{"start":{"line":110,"column":34},"end":{"line":110,"column":35}},"loc":{"start":{"line":110,"column":91},"end":{"line":112,"column":null}},"line":110},"11":{"name":"(anonymous_11)","decl":{"start":{"line":149,"column":29},"end":{"line":149,"column":30}},"loc":{"start":{"line":149,"column":85},"end":{"line":151,"column":null}},"line":149},"12":{"name":"(anonymous_12)","decl":{"start":{"line":154,"column":32},"end":{"line":154,"column":68}},"loc":{"start":{"line":154,"column":68},"end":{"line":156,"column":null}},"line":154},"13":{"name":"(anonymous_13)","decl":{"start":{"line":183,"column":31},"end":{"line":183,"column":68}},"loc":{"start":{"line":183,"column":68},"end":{"line":185,"column":null}},"line":183},"14":{"name":"(anonymous_14)","decl":{"start":{"line":188,"column":38},"end":{"line":188,"column":91}},"loc":{"start":{"line":188,"column":91},"end":{"line":190,"column":null}},"line":188}},"branchMap":{},"s":{"0":0,"1":0,"2":0,"3":0,"4":0,"5":0,"6":0,"7":0,"8":0,"9":0,"10":0,"11":0,"12":0,"13":0,"14":0,"15":0,"16":0,"17":0,"18":0,"19":0,"20":0,"21":0,"22":0,"23":0,"24":0,"25":0,"26":0,"27":0,"28":0,"29":0},"f":{"0":0,"1":0,"2":0,"3":0,"4":0,"5":0,"6":0,"7":0,"8":0,"9":0,"10":0,"11":0,"12":0,"13":0,"14":0},"b":{},"meta":{"lastBranch":0,"lastFunction":15,"lastStatement":30,"seen":{"s:25:31:27:Infinity":0,"f:25:31:25:32":0,"s:26:2:26:Infinity":1,"s:30:32:32:Infinity":2,"f:30:32:30:61":1,"s:31:2:31:Infinity":3,"s:35:26:37:Infinity":4,"f:35:26:35:27":2,"s:36:2:36:Infinity":5,"s:40:32:42:Infinity":6,"f:40:32:40:33":3,"s:41:2:41:Infinity":7,"s:56:38:58:Infinity":8,"f:56:38:56:39":4,"s:57:2:57:Infinity":9,"s:61:28:63:Infinity":10,"f:61:28:61:29":5,"s:62:2:62:Infinity":11,"s:66:28:68:Infinity":12,"f:66:28:66:29":6,"s:67:2:67:Infinity":13,"s:71:28:73:Infinity":14,"f:71:28:71:29":7,"s:72:2:72:Infinity":15,"s:76:29:78:Infinity":16,"f:76:29:76:30":8,"s:77:2:77:Infinity":17,"s:81:37:83:Infinity":18,"f:81:37:81:73":9,"s:82:2:82:Infinity":19,"s:110:34:112:Infinity":20,"f:110:34:110:35":10,"s:111:2:111:Infinity":21,"s:149:29:151:Infinity":22,"f:149:29:149:30":11,"s:150:2:150:Infinity":23,"s:154:32:156:Infinity":24,"f:154:32:154:68":12,"s:155:2:155:Infinity":25,"s:183:31:185:Infinity":26,"f:183:31:183:68":13,"s:184:2:184:Infinity":27,"s:188:38:190:Infinity":28,"f:188:38:188:91":14,"s:189:2:189:Infinity":29}}}
,"/mnt/x/viteMoney/src/api/recurring.ts": {"path":"/mnt/x/viteMoney/src/api/recurring.ts","statementMap":{"0":{"start":{"line":59,"column":35},"end":{"line":61,"column":null}},"1":{"start":{"line":60,"column":2},"end":{"line":60,"column":null}},"2":{"start":{"line":64,"column":37},"end":{"line":66,"column":null}},"3":{"start":{"line":65,"column":2},"end":{"line":65,"column":null}},"4":{"start":{"line":69,"column":37},"end":{"line":71,"column":null}},"5":{"start":{"line":70,"column":2},"end":{"line":70,"column":null}},"6":{"start":{"line":74,"column":37},"end":{"line":76,"column":null}},"7":{"start":{"line":75,"column":2},"end":{"line":75,"column":null}},"8":{"start":{"line":79,"column":37},"end":{"line":81,"column":null}},"9":{"start":{"line":80,"column":2},"end":{"line":80,"column":null}},"10":{"start":{"line":84,"column":35},"end":{"line":86,"column":null}},"11":{"start":{"line":85,"column":2},"end":{"line":85,"column":null}}},"fnMap":{"0":{"name":"(anonymous_0)","decl":{"start":{"line":59,"column":35},"end":{"line":59,"column":69}},"loc":{"start":{"line":59,"column":69},"end":{"line":61,"column":null}},"line":59},"1":{"name":"(anonymous_1)","decl":{"start":{"line":64,"column":37},"end":{"line":64,"column":38}},"loc":{"start":{"line":64,"column":96},"end":{"line":66,"column":null}},"line":64},"2":{"name":"(anonymous_2)","decl":{"start":{"line":69,"column":37},"end":{"line":69,"column":38}},"loc":{"start":{"line":69,"column":108},"end":{"line":71,"column":null}},"line":69},"3":{"name":"(anonymous_3)","decl":{"start":{"line":74,"column":37},"end":{"line":74,"column":38}},"loc":{"start":{"line":74,"column":83},"end":{"line":76,"column":null}},"line":74},"4":{"name":"(anonymous_4)","decl":{"start":{"line":79,"column":37},"end":{"line":79,"column":38}},"loc":{"start":{"line":79,"column":111},"end":{"line":81,"column":null}},"line":79},"5":{"name":"(anonymous_5)","decl":{"start":{"line":84,"column":35},"end":{"line":84,"column":68}},"loc":{"start":{"line":84,"column":68},"end":{"line":86,"column":null}},"line":84}},"branchMap":{},"s":{"0":0,"1":0,"2":0,"3":0,"4":0,"5":0,"6":0,"7":0,"8":0,"9":0,"10":0,"11":0},"f":{"0":0,"1":0,"2":0,"3":0,"4":0,"5":0},"b":{},"meta":{"lastBranch":0,"lastFunction":6,"lastStatement":12,"seen":{"s:59:35:61:Infinity":0,"f:59:35:59:69":0,"s:60:2:60:Infinity":1,"s:64:37:66:Infinity":2,"f:64:37:64:38":1,"s:65:2:65:Infinity":3,"s:69:37:71:Infinity":4,"f:69:37:69:38":2,"s:70:2:70:Infinity":5,"s:74:37:76:Infinity":6,"f:74:37:74:38":3,"s:75:2:75:Infinity":7,"s:79:37:81:Infinity":8,"f:79:37:79:38":4,"s:80:2:80:Infinity":9,"s:84:35:86:Infinity":10,"f:84:35:84:68":5,"s:85:2:85:Infinity":11}}}
,"/mnt/x/viteMoney/src/api/savings.ts": {"path":"/mnt/x/viteMoney/src/api/savings.ts","statementMap":{"0":{"start":{"line":54,"column":31},"end":{"line":56,"column":null}},"1":{"start":{"line":55,"column":2},"end":{"line":55,"column":null}},"2":{"start":{"line":59,"column":33},"end":{"line":61,"column":null}},"3":{"start":{"line":60,"column":2},"end":{"line":60,"column":null}},"4":{"start":{"line":64,"column":33},"end":{"line":66,"column":null}},"5":{"start":{"line":65,"column":2},"end":{"line":65,"column":null}},"6":{"start":{"line":69,"column":33},"end":{"line":71,"column":null}},"7":{"start":{"line":70,"column":2},"end":{"line":70,"column":null}},"8":{"start":{"line":74,"column":29},"end":{"line":76,"column":null}},"9":{"start":{"line":75,"column":2},"end":{"line":75,"column":null}},"10":{"start":{"line":79,"column":32},"end":{"line":81,"column":null}},"11":{"start":{"line":80,"column":2},"end":{"line":80,"column":null}},"12":{"start":{"line":84,"column":33},"end":{"line":86,"column":null}},"13":{"start":{"line":85,"column":2},"end":{"line":85,"column":null}}},"fnMap":{"0":{"name":"(anonymous_0)","decl":{"start":{"line":54,"column":31},"end":{"line":54,"column":61}},"loc":{"start":{"line":54,"column":61},"end":{"line":56,"column":null}},"line":54},"1":{"name":"(anonymous_1)","decl":{"start":{"line":59,"column":33},"end":{"line":59,"column":34}},"loc":{"start":{"line":59,"column":90},"end":{"line":61,"column":null}},"line":59},"2":{"name":"(anonymous_2)","decl":{"start":{"line":64,"column":33},"end":{"line":64,"column":34}},"loc":{"start":{"line":64,"column":102},"end":{"line":66,"column":null}},"line":64},"3":{"name":"(anonymous_3)","decl":{"start":{"line":69,"column":33},"end":{"line":69,"column":34}},"loc":{"start":{"line":69,"column":79},"end":{"line":71,"column":null}},"line":69},"4":{"name":"(anonymous_4)","decl":{"start":{"line":74,"column":29},"end":{"line":74,"column":30}},"loc":{"start":{"line":74,"column":115},"end":{"line":76,"column":null}},"line":74},"5":{"name":"(anonymous_5)","decl":{"start":{"line":79,"column":32},"end":{"line":79,"column":33}},"loc":{"start":{"line":79,"column":119},"end":{"line":81,"column":null}},"line":79},"6":{"name":"(anonymous_6)","decl":{"start":{"line":84,"column":33},"end":{"line":84,"column":64}},"loc":{"start":{"line":84,"column":64},"end":{"line":86,"column":null}},"line":84}},"branchMap":{},"s":{"0":0,"1":0,"2":0,"3":0,"4":0,"5":0,"6":0,"7":0,"8":0,"9":0,"10":0,"11":0,"12":0,"13":0},"f":{"0":0,"1":0,"2":0,"3":0,"4":0,"5":0,"6":0},"b":{},"meta":{"lastBranch":0,"lastFunction":7,"lastStatement":14,"seen":{"s:54:31:56:Infinity":0,"f:54:31:54:61":0,"s:55:2:55:Infinity":1,"s:59:33:61:Infinity":2,"f:59:33:59:34":1,"s:60:2:60:Infinity":3,"s:64:33:66:Infinity":4,"f:64:33:64:34":2,"s:65:2:65:Infinity":5,"s:69:33:71:Infinity":6,"f:69:33:69:34":3,"s:70:2:70:Infinity":7,"s:74:29:76:Infinity":8,"f:74:29:74:30":4,"s:75:2:75:Infinity":9,"s:79:32:81:Infinity":10,"f:79:32:79:33":5,"s:80:2:80:Infinity":11,"s:84:33:86:Infinity":12,"f:84:33:84:64":6,"s:85:2:85:Infinity":13}}}
,"/mnt/x/viteMoney/src/api/template.ts": {"path":"/mnt/x/viteMoney/src/api/template.ts","statementMap":{"0":{"start":{"line":49,"column":28},"end":{"line":51,"column":null}},"1":{"start":{"line":50,"column":2},"end":{"line":50,"column":null}},"2":{"start":{"line":54,"column":30},"end":{"line":56,"column":null}},"3":{"start":{"line":55,"column":2},"end":{"line":55,"column":null}},"4":{"start":{"line":59,"column":30},"end":{"line":61,"column":null}},"5":{"start":{"line":60,"column":2},"end":{"line":60,"column":null}},"6":{"start":{"line":64,"column":30},"end":{"line":66,"column":null}},"7":{"start":{"line":65,"column":2},"end":{"line":65,"column":null}},"8":{"start":{"line":69,"column":27},"end":{"line":71,"column":null}},"9":{"start":{"line":70,"column":2},"end":{"line":70,"column":null}}},"fnMap":{"0":{"name":"(anonymous_0)","decl":{"start":{"line":49,"column":28},"end":{"line":49,"column":59}},"loc":{"start":{"line":49,"column":59},"end":{"line":51,"column":null}},"line":49},"1":{"name":"(anonymous_1)","decl":{"start":{"line":54,"column":30},"end":{"line":54,"column":31}},"loc":{"start":{"line":54,"column":85},"end":{"line":56,"column":null}},"line":54},"2":{"name":"(anonymous_2)","decl":{"start":{"line":59,"column":30},"end":{"line":59,"column":31}},"loc":{"start":{"line":59,"column":97},"end":{"line":61,"column":null}},"line":59},"3":{"name":"(anonymous_3)","decl":{"start":{"line":64,"column":30},"end":{"line":64,"column":31}},"loc":{"start":{"line":64,"column":76},"end":{"line":66,"column":null}},"line":64},"4":{"name":"(anonymous_4)","decl":{"start":{"line":69,"column":27},"end":{"line":69,"column":28}},"loc":{"start":{"line":69,"column":119},"end":{"line":71,"column":null}},"line":69}},"branchMap":{},"s":{"0":0,"1":0,"2":0,"3":0,"4":0,"5":0,"6":0,"7":0,"8":0,"9":0},"f":{"0":0,"1":0,"2":0,"3":0,"4":0},"b":{},"meta":{"lastBranch":0,"lastFunction":5,"lastStatement":10,"seen":{"s:49:28:51:Infinity":0,"f:49:28:49:59":0,"s:50:2:50:Infinity":1,"s:54:30:56:Infinity":2,"f:54:30:54:31":1,"s:55:2:55:Infinity":3,"s:59:30:61:Infinity":4,"f:59:30:59:31":2,"s:60:2:60:Infinity":5,"s:64:30:66:Infinity":6,"f:64:30:64:31":3,"s:65:2:65:Infinity":7,"s:69:27:71:Infinity":8,"f:69:27:69:28":4,"s:70:2:70:Infinity":9}}}
,"/mnt/x/viteMoney/src/constants/categories.ts": {"path":"/mnt/x/viteMoney/src/constants/categories.ts","statementMap":{"0":{"start":{"line":20,"column":49},"end":{"line":182,"column":null}},"1":{"start":{"line":185,"column":48},"end":{"line":221,"column":null}},"2":{"start":{"line":224,"column":29},"end":{"line":227,"column":null}},"3":{"start":{"line":231,"column":2},"end":{"line":236,"column":null}},"4":{"start":{"line":232,"column":4},"end":{"line":232,"column":null}},"5":{"start":{"line":232,"column":27},"end":{"line":232,"column":null}},"6":{"start":{"line":233,"column":4},"end":{"line":235,"column":null}},"7":{"start":{"line":234,"column":6},"end":{"line":234,"column":null}},"8":{"start":{"line":234,"column":28},"end":{"line":234,"column":null}},"9":{"start":{"line":237,"column":2},"end":{"line":242,"column":null}},"10":{"start":{"line":238,"column":4},"end":{"line":238,"column":null}},"11":{"start":{"line":238,"column":27},"end":{"line":238,"column":null}},"12":{"start":{"line":239,"column":4},"end":{"line":241,"column":null}},"13":{"start":{"line":240,"column":6},"end":{"line":240,"column":null}},"14":{"start":{"line":240,"column":28},"end":{"line":240,"column":null}},"15":{"start":{"line":243,"column":2},"end":{"line":243,"column":null}},"16":{"start":{"line":248,"column":2},"end":{"line":250,"column":null}},"17":{"start":{"line":249,"column":4},"end":{"line":249,"column":null}},"18":{"start":{"line":249,"column":31},"end":{"line":249,"column":null}},"19":{"start":{"line":251,"column":2},"end":{"line":253,"column":null}},"20":{"start":{"line":252,"column":4},"end":{"line":252,"column":null}},"21":{"start":{"line":252,"column":31},"end":{"line":252,"column":null}},"22":{"start":{"line":254,"column":2},"end":{"line":254,"column":null}}},"fnMap":{"0":{"name":"findCategoryById","decl":{"start":{"line":230,"column":16},"end":{"line":230,"column":33}},"loc":{"start":{"line":230,"column":80},"end":{"line":244,"column":null}},"line":230},"1":{"name":"findCategoryByName","decl":{"start":{"line":247,"column":16},"end":{"line":247,"column":35}},"loc":{"start":{"line":247,"column":70},"end":{"line":255,"column":null}},"line":247}},"branchMap":{"0":{"loc":{"start":{"line":232,"column":4},"end":{"line":232,"column":null}},"type":"if","locations":[{"start":{"line":232,"column":4},"end":{"line":232,"column":null}},{"start":{},"end":{}}],"line":232},"1":{"loc":{"start":{"line":234,"column":6},"end":{"line":234,"column":null}},"type":"if","locations":[{"start":{"line":234,"column":6},"end":{"line":234,"column":null}},{"start":{},"end":{}}],"line":234},"2":{"loc":{"start":{"line":238,"column":4},"end":{"line":238,"column":null}},"type":"if","locations":[{"start":{"line":238,"column":4},"end":{"line":238,"column":null}},{"start":{},"end":{}}],"line":238},"3":{"loc":{"start":{"line":240,"column":6},"end":{"line":240,"column":null}},"type":"if","locations":[{"start":{"line":240,"column":6},"end":{"line":240,"column":null}},{"start":{},"end":{}}],"line":240},"4":{"loc":{"start":{"line":249,"column":4},"end":{"line":249,"column":null}},"type":"if","locations":[{"start":{"line":249,"column":4},"end":{"line":249,"column":null}},{"start":{},"end":{}}],"line":249},"5":{"loc":{"start":{"line":252,"column":4},"end":{"line":252,"column":null}},"type":"if","locations":[{"start":{"line":252,"column":4},"end":{"line":252,"column":null}},{"start":{},"end":{}}],"line":252}},"s":{"0":0,"1":0,"2":0,"3":0,"4":0,"5":0,"6":0,"7":0,"8":0,"9":0,"10":0,"11":0,"12":0,"13":0,"14":0,"15":0,"16":0,"17":0,"18":0,"19":0,"20":0,"21":0,"22":0},"f":{"0":0,"1":0},"b":{"0":[0,0],"1":[0,0],"2":[0,0],"3":[0,0],"4":[0,0],"5":[0,0]},"meta":{"lastBranch":6,"lastFunction":2,"lastStatement":23,"seen":{"s:20:49:182:Infinity":0,"s:185:48:221:Infinity":1,"s:224:29:227:Infinity":2,"f:230:16:230:33":0,"s:231:2:236:Infinity":3,"b:232:4:232:Infinity:undefined:undefined:undefined:undefined":0,"s:232:4:232:Infinity":4,"s:232:27:232:Infinity":5,"s:233:4:235:Infinity":6,"b:234:6:234:Infinity:undefined:undefined:undefined:undefined":1,"s:234:6:234:Infinity":7,"s:234:28:234:Infinity":8,"s:237:2:242:Infinity":9,"b:238:4:238:Infinity:undefined:undefined:undefined:undefined":2,"s:238:4:238:Infinity":10,"s:238:27:238:Infinity":11,"s:239:4:241:Infinity":12,"b:240:6:240:Infinity:undefined:undefined:undefined:undefined":3,"s:240:6:240:Infinity":13,"s:240:28:240:Infinity":14,"s:243:2:243:Infinity":15,"f:247:16:247:35":1,"s:248:2:250:Infinity":16,"b:249:4:249:Infinity:undefined:undefined:undefined:undefined":4,"s:249:4:249:Infinity":17,"s:249:31:249:Infinity":18,"s:251:2:253:Infinity":19,"b:252:4:252:Infinity:undefined:undefined:undefined:undefined":5,"s:252:4:252:Infinity":20,"s:252:31:252:Infinity":21,"s:254:2:254:Infinity":22}}}
,"/mnt/x/viteMoney/src/constants/categoryIconMapping.ts": {"path":"/mnt/x/viteMoney/src/constants/categoryIconMapping.ts","statementMap":{"0":{"start":{"line":37,"column":68},"end":{"line":591,"column":null}},"1":{"start":{"line":598,"column":28},"end":{"line":598,"column":null}},"2":{"start":{"line":603,"column":35},"end":{"line":603,"column":null}},"3":{"start":{"line":603,"column":60},"end":{"line":603,"column":80}},"4":{"start":{"line":608,"column":34},"end":{"line":608,"column":null}},"5":{"start":{"line":608,"column":59},"end":{"line":608,"column":78}},"6":{"start":{"line":616,"column":26},"end":{"line":616,"column":null}},"7":{"start":{"line":619,"column":2},"end":{"line":621,"column":null}},"8":{"start":{"line":620,"column":4},"end":{"line":620,"column":null}},"9":{"start":{"line":624,"column":2},"end":{"line":635,"column":null}},"10":{"start":{"line":626,"column":4},"end":{"line":628,"column":null}},"11":{"start":{"line":627,"column":6},"end":{"line":627,"column":null}},"12":{"start":{"line":630,"column":4},"end":{"line":634,"column":null}},"13":{"start":{"line":631,"column":6},"end":{"line":633,"column":null}},"14":{"start":{"line":632,"column":8},"end":{"line":632,"column":null}},"15":{"start":{"line":637,"column":2},"end":{"line":637,"column":null}},"16":{"start":{"line":646,"column":26},"end":{"line":646,"column":null}},"17":{"start":{"line":648,"column":2},"end":{"line":663,"column":null}},"18":{"start":{"line":649,"column":4},"end":{"line":662,"column":null}},"19":{"start":{"line":651,"column":6},"end":{"line":653,"column":null}},"20":{"start":{"line":652,"column":8},"end":{"line":652,"column":null}},"21":{"start":{"line":655,"column":6},"end":{"line":657,"column":null}},"22":{"start":{"line":656,"column":8},"end":{"line":656,"column":null}},"23":{"start":{"line":659,"column":6},"end":{"line":661,"column":null}},"24":{"start":{"line":659,"column":71},"end":{"line":659,"column":98}},"25":{"start":{"line":660,"column":8},"end":{"line":660,"column":null}},"26":{"start":{"line":665,"column":2},"end":{"line":665,"column":null}},"27":{"start":{"line":682,"column":2},"end":{"line":690,"column":null}},"28":{"start":{"line":683,"column":21},"end":{"line":683,"column":null}},"29":{"start":{"line":684,"column":4},"end":{"line":689,"column":null}},"30":{"start":{"line":685,"column":6},"end":{"line":688,"column":null}},"31":{"start":{"line":693,"column":19},"end":{"line":693,"column":null}},"32":{"start":{"line":694,"column":2},"end":{"line":699,"column":null}},"33":{"start":{"line":695,"column":4},"end":{"line":698,"column":null}},"34":{"start":{"line":702,"column":20},"end":{"line":702,"column":null}},"35":{"start":{"line":703,"column":2},"end":{"line":708,"column":null}},"36":{"start":{"line":704,"column":4},"end":{"line":707,"column":null}},"37":{"start":{"line":710,"column":2},"end":{"line":713,"column":null}},"38":{"start":{"line":722,"column":18},"end":{"line":722,"column":null}},"39":{"start":{"line":723,"column":2},"end":{"line":725,"column":null}},"40":{"start":{"line":724,"column":4},"end":{"line":724,"column":null}},"41":{"start":{"line":727,"column":19},"end":{"line":727,"column":null}},"42":{"start":{"line":728,"column":2},"end":{"line":730,"column":null}},"43":{"start":{"line":729,"column":4},"end":{"line":729,"column":null}},"44":{"start":{"line":731,"column":2},"end":{"line":731,"column":null}},"45":{"start":{"line":742,"column":2},"end":{"line":747,"column":null}},"46":{"start":{"line":743,"column":21},"end":{"line":743,"column":null}},"47":{"start":{"line":744,"column":4},"end":{"line":746,"column":null}},"48":{"start":{"line":745,"column":6},"end":{"line":745,"column":null}},"49":{"start":{"line":749,"column":18},"end":{"line":749,"column":null}},"50":{"start":{"line":750,"column":2},"end":{"line":752,"column":null}},"51":{"start":{"line":751,"column":4},"end":{"line":751,"column":null}},"52":{"start":{"line":755,"column":19},"end":{"line":755,"column":null}},"53":{"start":{"line":756,"column":2},"end":{"line":758,"column":null}},"54":{"start":{"line":757,"column":4},"end":{"line":757,"column":null}},"55":{"start":{"line":760,"column":2},"end":{"line":760,"column":null}},"56":{"start":{"line":770,"column":2},"end":{"line":770,"column":null}},"57":{"start":{"line":780,"column":18},"end":{"line":780,"column":null}},"58":{"start":{"line":781,"column":2},"end":{"line":783,"column":null}},"59":{"start":{"line":782,"column":4},"end":{"line":782,"column":null}},"60":{"start":{"line":785,"column":19},"end":{"line":785,"column":null}},"61":{"start":{"line":786,"column":2},"end":{"line":788,"column":null}},"62":{"start":{"line":787,"column":4},"end":{"line":787,"column":null}},"63":{"start":{"line":789,"column":2},"end":{"line":789,"column":null}},"64":{"start":{"line":799,"column":18},"end":{"line":799,"column":null}},"65":{"start":{"line":800,"column":2},"end":{"line":802,"column":null}},"66":{"start":{"line":801,"column":4},"end":{"line":801,"column":null}},"67":{"start":{"line":803,"column":2},"end":{"line":803,"column":null}},"68":{"start":{"line":812,"column":19},"end":{"line":812,"column":null}},"69":{"start":{"line":813,"column":2},"end":{"line":815,"column":null}},"70":{"start":{"line":814,"column":4},"end":{"line":814,"column":null}},"71":{"start":{"line":816,"column":2},"end":{"line":816,"column":null}},"72":{"start":{"line":825,"column":18},"end":{"line":825,"column":null}},"73":{"start":{"line":826,"column":2},"end":{"line":826,"column":null}},"74":{"start":{"line":835,"column":18},"end":{"line":835,"column":null}},"75":{"start":{"line":836,"column":2},"end":{"line":836,"column":null}}},"fnMap":{"0":{"name":"(anonymous_0)","decl":{"start":{"line":603,"column":55},"end":{"line":603,"column":60}},"loc":{"start":{"line":603,"column":60},"end":{"line":603,"column":80}},"line":603},"1":{"name":"(anonymous_1)","decl":{"start":{"line":608,"column":54},"end":{"line":608,"column":59}},"loc":{"start":{"line":608,"column":59},"end":{"line":608,"column":78}},"line":608},"2":{"name":"getCategoryMapping","decl":{"start":{"line":615,"column":16},"end":{"line":615,"column":35}},"loc":{"start":{"line":615,"column":78},"end":{"line":638,"column":null}},"line":615},"3":{"name":"getSubCategoryMapping","decl":{"start":{"line":645,"column":16},"end":{"line":645,"column":38}},"loc":{"start":{"line":645,"column":134},"end":{"line":666,"column":null}},"line":645},"4":{"name":"(anonymous_4)","decl":{"start":{"line":659,"column":66},"end":{"line":659,"column":71}},"loc":{"start":{"line":659,"column":71},"end":{"line":659,"column":98}},"line":659},"5":{"name":"matchCategory","decl":{"start":{"line":674,"column":16},"end":{"line":674,"column":null}},"loc":{"start":{"line":680,"column":2},"end":{"line":714,"column":null}},"line":680},"6":{"name":"getCategoryIcon","decl":{"start":{"line":721,"column":16},"end":{"line":721,"column":32}},"loc":{"start":{"line":721,"column":62},"end":{"line":732,"column":null}},"line":721},"7":{"name":"getCategoryEnglishName","decl":{"start":{"line":740,"column":16},"end":{"line":740,"column":39}},"loc":{"start":{"line":740,"column":95},"end":{"line":761,"column":null}},"line":740},"8":{"name":"getIconUrl","decl":{"start":{"line":769,"column":16},"end":{"line":769,"column":27}},"loc":{"start":{"line":769,"column":110},"end":{"line":771,"column":null}},"line":769},"9":{"name":"getIconUrlByName","decl":{"start":{"line":779,"column":16},"end":{"line":779,"column":33}},"loc":{"start":{"line":779,"column":81},"end":{"line":790,"column":null}},"line":779},"10":{"name":"normalizeCategoryName","decl":{"start":{"line":798,"column":16},"end":{"line":798,"column":38}},"loc":{"start":{"line":798,"column":65},"end":{"line":804,"column":null}},"line":798},"11":{"name":"normalizeSubCategoryName","decl":{"start":{"line":811,"column":16},"end":{"line":811,"column":41}},"loc":{"start":{"line":811,"column":68},"end":{"line":817,"column":null}},"line":811},"12":{"name":"getCategoryType","decl":{"start":{"line":824,"column":16},"end":{"line":824,"column":32}},"loc":{"start":{"line":824,"column":83},"end":{"line":827,"column":null}},"line":824},"13":{"name":"getSubCategories","decl":{"start":{"line":834,"column":16},"end":{"line":834,"column":33}},"loc":{"start":{"line":834,"column":81},"end":{"line":837,"column":null}},"line":834}},"branchMap":{"0":{"loc":{"start":{"line":619,"column":2},"end":{"line":621,"column":null}},"type":"if","locations":[{"start":{"line":619,"column":2},"end":{"line":621,"column":null}},{"start":{},"end":{}}],"line":619},"1":{"loc":{"start":{"line":626,"column":4},"end":{"line":628,"column":null}},"type":"if","locations":[{"start":{"line":626,"column":4},"end":{"line":628,"column":null}},{"start":{},"end":{}}],"line":626},"2":{"loc":{"start":{"line":626,"column":8},"end":{"line":626,"column":106}},"type":"binary-expr","locations":[{"start":{"line":626,"column":8},"end":{"line":626,"column":58}},{"start":{"line":626,"column":58},"end":{"line":626,"column":106}}],"line":626},"3":{"loc":{"start":{"line":631,"column":6},"end":{"line":633,"column":null}},"type":"if","locations":[{"start":{"line":631,"column":6},"end":{"line":633,"column":null}},{"start":{},"end":{}}],"line":631},"4":{"loc":{"start":{"line":631,"column":10},"end":{"line":631,"column":82}},"type":"binary-expr","locations":[{"start":{"line":631,"column":10},"end":{"line":631,"column":42}},{"start":{"line":631,"column":42},"end":{"line":631,"column":82}}],"line":631},"5":{"loc":{"start":{"line":651,"column":6},"end":{"line":653,"column":null}},"type":"if","locations":[{"start":{"line":651,"column":6},"end":{"line":653,"column":null}},{"start":{},"end":{}}],"line":651},"6":{"loc":{"start":{"line":655,"column":6},"end":{"line":657,"column":null}},"type":"if","locations":[{"start":{"line":655,"column":6},"end":{"line":657,"column":null}},{"start":{},"end":{}}],"line":655},"7":{"loc":{"start":{"line":659,"column":6},"end":{"line":661,"column":null}},"type":"if","locations":[{"start":{"line":659,"column":6},"end":{"line":661,"column":null}},{"start":{},"end":{}}],"line":659},"8":{"loc":{"start":{"line":659,"column":10},"end":{"line":659,"column":101}},"type":"binary-expr","locations":[{"start":{"line":659,"column":10},"end":{"line":659,"column":48}},{"start":{"line":659,"column":48},"end":{"line":659,"column":101}}],"line":659},"9":{"loc":{"start":{"line":682,"column":2},"end":{"line":690,"column":null}},"type":"if","locations":[{"start":{"line":682,"column":2},"end":{"line":690,"column":null}},{"start":{},"end":{}}],"line":682},"10":{"loc":{"start":{"line":684,"column":4},"end":{"line":689,"column":null}},"type":"if","locations":[{"start":{"line":684,"column":4},"end":{"line":689,"column":null}},{"start":{},"end":{}}],"line":684},"11":{"loc":{"start":{"line":694,"column":2},"end":{"line":699,"column":null}},"type":"if","locations":[{"start":{"line":694,"column":2},"end":{"line":699,"column":null}},{"start":{},"end":{}}],"line":694},"12":{"loc":{"start":{"line":703,"column":2},"end":{"line":708,"column":null}},"type":"if","locations":[{"start":{"line":703,"column":2},"end":{"line":708,"column":null}},{"start":{},"end":{}}],"line":703},"13":{"loc":{"start":{"line":723,"column":2},"end":{"line":725,"column":null}},"type":"if","locations":[{"start":{"line":723,"column":2},"end":{"line":725,"column":null}},{"start":{},"end":{}}],"line":723},"14":{"loc":{"start":{"line":728,"column":2},"end":{"line":730,"column":null}},"type":"if","locations":[{"start":{"line":728,"column":2},"end":{"line":730,"column":null}},{"start":{},"end":{}}],"line":728},"15":{"loc":{"start":{"line":742,"column":2},"end":{"line":747,"column":null}},"type":"if","locations":[{"start":{"line":742,"column":2},"end":{"line":747,"column":null}},{"start":{},"end":{}}],"line":742},"16":{"loc":{"start":{"line":744,"column":4},"end":{"line":746,"column":null}},"type":"if","locations":[{"start":{"line":744,"column":4},"end":{"line":746,"column":null}},{"start":{},"end":{}}],"line":744},"17":{"loc":{"start":{"line":750,"column":2},"end":{"line":752,"column":null}},"type":"if","locations":[{"start":{"line":750,"column":2},"end":{"line":752,"column":null}},{"start":{},"end":{}}],"line":750},"18":{"loc":{"start":{"line":756,"column":2},"end":{"line":758,"column":null}},"type":"if","locations":[{"start":{"line":756,"column":2},"end":{"line":758,"column":null}},{"start":{},"end":{}}],"line":756},"19":{"loc":{"start":{"line":769,"column":48},"end":{"line":769,"column":110}},"type":"default-arg","locations":[{"start":{"line":769,"column":69},"end":{"line":769,"column":110}}],"line":769},"20":{"loc":{"start":{"line":781,"column":2},"end":{"line":783,"column":null}},"type":"if","locations":[{"start":{"line":781,"column":2},"end":{"line":783,"column":null}},{"start":{},"end":{}}],"line":781},"21":{"loc":{"start":{"line":786,"column":2},"end":{"line":788,"column":null}},"type":"if","locations":[{"start":{"line":786,"column":2},"end":{"line":788,"column":null}},{"start":{},"end":{}}],"line":786},"22":{"loc":{"start":{"line":800,"column":2},"end":{"line":802,"column":null}},"type":"if","locations":[{"start":{"line":800,"column":2},"end":{"line":802,"column":null}},{"start":{},"end":{}}],"line":800},"23":{"loc":{"start":{"line":813,"column":2},"end":{"line":815,"column":null}},"type":"if","locations":[{"start":{"line":813,"column":2},"end":{"line":815,"column":null}},{"start":{},"end":{}}],"line":813},"24":{"loc":{"start":{"line":826,"column":9},"end":{"line":826,"column":null}},"type":"cond-expr","locations":[{"start":{"line":826,"column":19},"end":{"line":826,"column":34}},{"start":{"line":826,"column":34},"end":{"line":826,"column":null}}],"line":826},"25":{"loc":{"start":{"line":836,"column":9},"end":{"line":836,"column":null}},"type":"cond-expr","locations":[{"start":{"line":836,"column":19},"end":{"line":836,"column":43}},{"start":{"line":836,"column":43},"end":{"line":836,"column":null}}],"line":836}},"s":{"0":0,"1":0,"2":0,"3":0,"4":0,"5":0,"6":0,"7":0,"8":0,"9":0,"10":0,"11":0,"12":0,"13":0,"14":0,"15":0,"16":0,"17":0,"18":0,"19":0,"20":0,"21":0,"22":0,"23":0,"24":0,"25":0,"26":0,"27":0,"28":0,"29":0,"30":0,"31":0,"32":0,"33":0,"34":0,"35":0,"36":0,"37":0,"38":0,"39":0,"40":0,"41":0,"42":0,"43":0,"44":0,"45":0,"46":0,"47":0,"48":0,"49":0,"50":0,"51":0,"52":0,"53":0,"54":0,"55":0,"56":0,"57":0,"58":0,"59":0,"60":0,"61":0,"62":0,"63":0,"64":0,"65":0,"66":0,"67":0,"68":0,"69":0,"70":0,"71":0,"72":0,"73":0,"74":0,"75":0},"f":{"0":0,"1":0,"2":0,"3":0,"4":0,"5":0,"6":0,"7":0,"8":0,"9":0,"10":0,"11":0,"12":0,"13":0},"b":{"0":[0,0],"1":[0,0],"2":[0,0],"3":[0,0],"4":[0,0],"5":[0,0],"6":[0,0],"7":[0,0],"8":[0,0],"9":[0,0],"10":[0,0],"11":[0,0],"12":[0,0],"13":[0,0],"14":[0,0],"15":[0,0],"16":[0,0],"17":[0,0],"18":[0,0],"19":[0],"20":[0,0],"21":[0,0],"22":[0,0],"23":[0,0],"24":[0,0],"25":[0,0]},"meta":{"lastBranch":26,"lastFunction":14,"lastStatement":76,"seen":{"s:37:68:591:Infinity":0,"s:598:28:598:Infinity":1,"s:603:35:603:Infinity":2,"f:603:55:603:60":0,"s:603:60:603:80":3,"s:608:34:608:Infinity":4,"f:608:54:608:59":1,"s:608:59:608:78":5,"f:615:16:615:35":2,"s:616:26:616:Infinity":6,"b:619:2:621:Infinity:undefined:undefined:undefined:undefined":0,"s:619:2:621:Infinity":7,"s:620:4:620:Infinity":8,"s:624:2:635:Infinity":9,"b:626:4:628:Infinity:undefined:undefined:undefined:undefined":1,"s:626:4:628:Infinity":10,"b:626:8:626:58:626:58:626:106":2,"s:627:6:627:Infinity":11,"s:630:4:634:Infinity":12,"b:631:6:633:Infinity:undefined:undefined:undefined:undefined":3,"s:631:6:633:Infinity":13,"b:631:10:631:42:631:42:631:82":4,"s:632:8:632:Infinity":14,"s:637:2:637:Infinity":15,"f:645:16:645:38":3,"s:646:26:646:Infinity":16,"s:648:2:663:Infinity":17,"s:649:4:662:Infinity":18,"b:651:6:653:Infinity:undefined:undefined:undefined:undefined":5,"s:651:6:653:Infinity":19,"s:652:8:652:Infinity":20,"b:655:6:657:Infinity:undefined:undefined:undefined:undefined":6,"s:655:6:657:Infinity":21,"s:656:8:656:Infinity":22,"b:659:6:661:Infinity:undefined:undefined:undefined:undefined":7,"s:659:6:661:Infinity":23,"b:659:10:659:48:659:48:659:101":8,"f:659:66:659:71":4,"s:659:71:659:98":24,"s:660:8:660:Infinity":25,"s:665:2:665:Infinity":26,"f:674:16:674:Infinity":5,"b:682:2:690:Infinity:undefined:undefined:undefined:undefined":9,"s:682:2:690:Infinity":27,"s:683:21:683:Infinity":28,"b:684:4:689:Infinity:undefined:undefined:undefined:undefined":10,"s:684:4:689:Infinity":29,"s:685:6:688:Infinity":30,"s:693:19:693:Infinity":31,"b:694:2:699:Infinity:undefined:undefined:undefined:undefined":11,"s:694:2:699:Infinity":32,"s:695:4:698:Infinity":33,"s:702:20:702:Infinity":34,"b:703:2:708:Infinity:undefined:undefined:undefined:undefined":12,"s:703:2:708:Infinity":35,"s:704:4:707:Infinity":36,"s:710:2:713:Infinity":37,"f:721:16:721:32":6,"s:722:18:722:Infinity":38,"b:723:2:725:Infinity:undefined:undefined:undefined:undefined":13,"s:723:2:725:Infinity":39,"s:724:4:724:Infinity":40,"s:727:19:727:Infinity":41,"b:728:2:730:Infinity:undefined:undefined:undefined:undefined":14,"s:728:2:730:Infinity":42,"s:729:4:729:Infinity":43,"s:731:2:731:Infinity":44,"f:740:16:740:39":7,"b:742:2:747:Infinity:undefined:undefined:undefined:undefined":15,"s:742:2:747:Infinity":45,"s:743:21:743:Infinity":46,"b:744:4:746:Infinity:undefined:undefined:undefined:undefined":16,"s:744:4:746:Infinity":47,"s:745:6:745:Infinity":48,"s:749:18:749:Infinity":49,"b:750:2:752:Infinity:undefined:undefined:undefined:undefined":17,"s:750:2:752:Infinity":50,"s:751:4:751:Infinity":51,"s:755:19:755:Infinity":52,"b:756:2:758:Infinity:undefined:undefined:undefined:undefined":18,"s:756:2:758:Infinity":53,"s:757:4:757:Infinity":54,"s:760:2:760:Infinity":55,"f:769:16:769:27":8,"b:769:69:769:110":19,"s:770:2:770:Infinity":56,"f:779:16:779:33":9,"s:780:18:780:Infinity":57,"b:781:2:783:Infinity:undefined:undefined:undefined:undefined":20,"s:781:2:783:Infinity":58,"s:782:4:782:Infinity":59,"s:785:19:785:Infinity":60,"b:786:2:788:Infinity:undefined:undefined:undefined:undefined":21,"s:786:2:788:Infinity":61,"s:787:4:787:Infinity":62,"s:789:2:789:Infinity":63,"f:798:16:798:38":10,"s:799:18:799:Infinity":64,"b:800:2:802:Infinity:undefined:undefined:undefined:undefined":22,"s:800:2:802:Infinity":65,"s:801:4:801:Infinity":66,"s:803:2:803:Infinity":67,"f:811:16:811:41":11,"s:812:19:812:Infinity":68,"b:813:2:815:Infinity:undefined:undefined:undefined:undefined":23,"s:813:2:815:Infinity":69,"s:814:4:814:Infinity":70,"s:816:2:816:Infinity":71,"f:824:16:824:32":12,"s:825:18:825:Infinity":72,"s:826:2:826:Infinity":73,"b:826:19:826:34:826:34:826:Infinity":24,"f:834:16:834:33":13,"s:835:18:835:Infinity":74,"s:836:2:836:Infinity":75,"b:836:19:836:43:836:43:836:Infinity":25}}}
,"/mnt/x/viteMoney/src/hooks/useAsync.ts": {"path":"/mnt/x/viteMoney/src/hooks/useAsync.ts","statementMap":{"0":{"start":{"line":19,"column":51},"end":{"line":19,"column":null}},"1":{"start":{"line":20,"column":24},"end":{"line":24,"column":null}},"2":{"start":{"line":26,"column":8},"end":{"line":43,"column":null}},"3":{"start":{"line":28,"column":6},"end":{"line":28,"column":null}},"4":{"start":{"line":28,"column":24},"end":{"line":28,"column":64}},"5":{"start":{"line":30,"column":6},"end":{"line":40,"column":null}},"6":{"start":{"line":31,"column":25},"end":{"line":31,"column":null}},"7":{"start":{"line":32,"column":8},"end":{"line":32,"column":null}},"8":{"start":{"line":33,"column":8},"end":{"line":33,"column":null}},"9":{"start":{"line":34,"column":8},"end":{"line":34,"column":null}},"10":{"start":{"line":36,"column":20},"end":{"line":36,"column":null}},"11":{"start":{"line":37,"column":8},"end":{"line":37,"column":null}},"12":{"start":{"line":38,"column":8},"end":{"line":38,"column":null}},"13":{"start":{"line":39,"column":8},"end":{"line":39,"column":null}},"14":{"start":{"line":45,"column":8},"end":{"line":47,"column":null}},"15":{"start":{"line":46,"column":4},"end":{"line":46,"column":null}},"16":{"start":{"line":49,"column":2},"end":{"line":53,"column":null}}},"fnMap":{"0":{"name":"useAsync","decl":{"start":{"line":15,"column":16},"end":{"line":15,"column":null}},"loc":{"start":{"line":18,"column":2},"end":{"line":54,"column":null}},"line":18},"1":{"name":"(anonymous_1)","decl":{"start":{"line":27,"column":4},"end":{"line":27,"column":14}},"loc":{"start":{"line":27,"column":34},"end":{"line":41,"column":null}},"line":27},"2":{"name":"(anonymous_2)","decl":{"start":{"line":28,"column":15},"end":{"line":28,"column":24}},"loc":{"start":{"line":28,"column":24},"end":{"line":28,"column":64}},"line":28},"3":{"name":"(anonymous_3)","decl":{"start":{"line":45,"column":28},"end":{"line":45,"column":34}},"loc":{"start":{"line":45,"column":34},"end":{"line":47,"column":5}},"line":45}},"branchMap":{"0":{"loc":{"start":{"line":17,"column":2},"end":{"line":17,"column":null}},"type":"default-arg","locations":[{"start":{"line":17,"column":29},"end":{"line":17,"column":null}}],"line":17},"1":{"loc":{"start":{"line":19,"column":10},"end":{"line":19,"column":28}},"type":"default-arg","locations":[{"start":{"line":19,"column":22},"end":{"line":19,"column":28}}],"line":19},"2":{"loc":{"start":{"line":36,"column":20},"end":{"line":36,"column":null}},"type":"cond-expr","locations":[{"start":{"line":36,"column":45},"end":{"line":36,"column":53}},{"start":{"line":36,"column":53},"end":{"line":36,"column":null}}],"line":36}},"s":{"0":0,"1":0,"2":0,"3":0,"4":0,"5":0,"6":0,"7":0,"8":0,"9":0,"10":0,"11":0,"12":0,"13":0,"14":0,"15":0,"16":0},"f":{"0":0,"1":0,"2":0,"3":0},"b":{"0":[0],"1":[0],"2":[0,0]},"meta":{"lastBranch":3,"lastFunction":4,"lastStatement":17,"seen":{"f:15:16:15:Infinity":0,"b:17:29:17:Infinity":0,"s:19:51:19:Infinity":0,"b:19:22:19:28":1,"s:20:24:24:Infinity":1,"s:26:8:43:Infinity":2,"f:27:4:27:14":1,"s:28:6:28:Infinity":3,"f:28:15:28:24":2,"s:28:24:28:64":4,"s:30:6:40:Infinity":5,"s:31:25:31:Infinity":6,"s:32:8:32:Infinity":7,"s:33:8:33:Infinity":8,"s:34:8:34:Infinity":9,"s:36:20:36:Infinity":10,"b:36:45:36:53:36:53:36:Infinity":2,"s:37:8:37:Infinity":11,"s:38:8:38:Infinity":12,"s:39:8:39:Infinity":13,"s:45:8:47:Infinity":14,"f:45:28:45:34":3,"s:46:4:46:Infinity":15,"s:49:2:53:Infinity":16}}}
,"/mnt/x/viteMoney/src/hooks/useAsyncData.ts": {"path":"/mnt/x/viteMoney/src/hooks/useAsyncData.ts","statementMap":{"0":{"start":{"line":30,"column":22},"end":{"line":30,"column":null}},"1":{"start":{"line":31,"column":28},"end":{"line":31,"column":null}},"2":{"start":{"line":32,"column":24},"end":{"line":32,"column":null}},"3":{"start":{"line":33,"column":8},"end":{"line":33,"column":null}},"4":{"start":{"line":34,"column":8},"end":{"line":34,"column":null}},"5":{"start":{"line":35,"column":2},"end":{"line":35,"column":null}},"6":{"start":{"line":37,"column":8},"end":{"line":61,"column":null}},"7":{"start":{"line":38,"column":4},"end":{"line":38,"column":null}},"8":{"start":{"line":38,"column":18},"end":{"line":38,"column":null}},"9":{"start":{"line":40,"column":4},"end":{"line":40,"column":null}},"10":{"start":{"line":41,"column":4},"end":{"line":41,"column":null}},"11":{"start":{"line":43,"column":4},"end":{"line":60,"column":null}},"12":{"start":{"line":44,"column":21},"end":{"line":44,"column":null}},"13":{"start":{"line":45,"column":6},"end":{"line":48,"column":null}},"14":{"start":{"line":46,"column":8},"end":{"line":46,"column":null}},"15":{"start":{"line":47,"column":8},"end":{"line":47,"column":null}},"16":{"start":{"line":50,"column":6},"end":{"line":54,"column":null}},"17":{"start":{"line":51,"column":22},"end":{"line":51,"column":null}},"18":{"start":{"line":52,"column":8},"end":{"line":52,"column":null}},"19":{"start":{"line":53,"column":8},"end":{"line":53,"column":null}},"20":{"start":{"line":56,"column":6},"end":{"line":59,"column":null}},"21":{"start":{"line":57,"column":8},"end":{"line":57,"column":null}},"22":{"start":{"line":58,"column":8},"end":{"line":58,"column":null}},"23":{"start":{"line":63,"column":2},"end":{"line":70,"column":null}},"24":{"start":{"line":64,"column":4},"end":{"line":64,"column":null}},"25":{"start":{"line":65,"column":4},"end":{"line":65,"column":null}},"26":{"start":{"line":67,"column":4},"end":{"line":69,"column":null}},"27":{"start":{"line":68,"column":6},"end":{"line":68,"column":null}},"28":{"start":{"line":72,"column":8},"end":{"line":74,"column":null}},"29":{"start":{"line":73,"column":4},"end":{"line":73,"column":null}},"30":{"start":{"line":76,"column":2},"end":{"line":82,"column":null}}},"fnMap":{"0":{"name":"useAsyncData","decl":{"start":{"line":21,"column":16},"end":{"line":21,"column":32}},"loc":{"start":{"line":29,"column":49},"end":{"line":83,"column":null}},"line":29},"1":{"name":"(anonymous_1)","decl":{"start":{"line":37,"column":32},"end":{"line":37,"column":44}},"loc":{"start":{"line":37,"column":44},"end":{"line":61,"column":5}},"line":37},"2":{"name":"(anonymous_2)","decl":{"start":{"line":63,"column":12},"end":{"line":63,"column":18}},"loc":{"start":{"line":63,"column":18},"end":{"line":70,"column":5}},"line":63},"3":{"name":"(anonymous_3)","decl":{"start":{"line":67,"column":11},"end":{"line":67,"column":17}},"loc":{"start":{"line":67,"column":17},"end":{"line":69,"column":null}},"line":67},"4":{"name":"(anonymous_4)","decl":{"start":{"line":72,"column":30},"end":{"line":72,"column":36}},"loc":{"start":{"line":72,"column":36},"end":{"line":74,"column":5}},"line":72}},"branchMap":{"0":{"loc":{"start":{"line":23,"column":2},"end":{"line":23,"column":null}},"type":"default-arg","locations":[{"start":{"line":23,"column":16},"end":{"line":23,"column":null}}],"line":23},"1":{"loc":{"start":{"line":24,"column":2},"end":{"line":24,"column":null}},"type":"default-arg","locations":[{"start":{"line":24,"column":17},"end":{"line":24,"column":null}}],"line":24},"2":{"loc":{"start":{"line":25,"column":2},"end":{"line":25,"column":null}},"type":"default-arg","locations":[{"start":{"line":25,"column":12},"end":{"line":25,"column":null}}],"line":25},"3":{"loc":{"start":{"line":38,"column":4},"end":{"line":38,"column":null}},"type":"if","locations":[{"start":{"line":38,"column":4},"end":{"line":38,"column":null}},{"start":{},"end":{}}],"line":38},"4":{"loc":{"start":{"line":45,"column":6},"end":{"line":48,"column":null}},"type":"if","locations":[{"start":{"line":45,"column":6},"end":{"line":48,"column":null}},{"start":{},"end":{}}],"line":45},"5":{"loc":{"start":{"line":50,"column":6},"end":{"line":54,"column":null}},"type":"if","locations":[{"start":{"line":50,"column":6},"end":{"line":54,"column":null}},{"start":{},"end":{}}],"line":50},"6":{"loc":{"start":{"line":51,"column":22},"end":{"line":51,"column":null}},"type":"cond-expr","locations":[{"start":{"line":51,"column":45},"end":{"line":51,"column":51}},{"start":{"line":51,"column":51},"end":{"line":51,"column":null}}],"line":51},"7":{"loc":{"start":{"line":56,"column":6},"end":{"line":59,"column":null}},"type":"if","locations":[{"start":{"line":56,"column":6},"end":{"line":59,"column":null}},{"start":{},"end":{}}],"line":56}},"s":{"0":0,"1":0,"2":0,"3":0,"4":0,"5":0,"6":0,"7":0,"8":0,"9":0,"10":0,"11":0,"12":0,"13":0,"14":0,"15":0,"16":0,"17":0,"18":0,"19":0,"20":0,"21":0,"22":0,"23":0,"24":0,"25":0,"26":0,"27":0,"28":0,"29":0,"30":0},"f":{"0":0,"1":0,"2":0,"3":0,"4":0},"b":{"0":[0],"1":[0],"2":[0],"3":[0,0],"4":[0,0],"5":[0,0],"6":[0,0],"7":[0,0]},"meta":{"lastBranch":8,"lastFunction":5,"lastStatement":31,"seen":{"f:21:16:21:32":0,"b:23:16:23:Infinity":0,"b:24:17:24:Infinity":1,"b:25:12:25:Infinity":2,"s:30:22:30:Infinity":0,"s:31:28:31:Infinity":1,"s:32:24:32:Infinity":2,"s:33:8:33:Infinity":3,"s:34:8:34:Infinity":4,"s:35:2:35:Infinity":5,"s:37:8:61:Infinity":6,"f:37:32:37:44":1,"b:38:4:38:Infinity:undefined:undefined:undefined:undefined":3,"s:38:4:38:Infinity":7,"s:38:18:38:Infinity":8,"s:40:4:40:Infinity":9,"s:41:4:41:Infinity":10,"s:43:4:60:Infinity":11,"s:44:21:44:Infinity":12,"b:45:6:48:Infinity:undefined:undefined:undefined:undefined":4,"s:45:6:48:Infinity":13,"s:46:8:46:Infinity":14,"s:47:8:47:Infinity":15,"b:50:6:54:Infinity:undefined:undefined:undefined:undefined":5,"s:50:6:54:Infinity":16,"s:51:22:51:Infinity":17,"b:51:45:51:51:51:51:51:Infinity":6,"s:52:8:52:Infinity":18,"s:53:8:53:Infinity":19,"b:56:6:59:Infinity:undefined:undefined:undefined:undefined":7,"s:56:6:59:Infinity":20,"s:57:8:57:Infinity":21,"s:58:8:58:Infinity":22,"s:63:2:70:Infinity":23,"f:63:12:63:18":2,"s:64:4:64:Infinity":24,"s:65:4:65:Infinity":25,"s:67:4:69:Infinity":26,"f:67:11:67:17":3,"s:68:6:68:Infinity":27,"s:72:8:74:Infinity":28,"f:72:30:72:36":4,"s:73:4:73:Infinity":29,"s:76:2:82:Infinity":30}}}
,"/mnt/x/viteMoney/src/hooks/useAuth.tsx": {"path":"/mnt/x/viteMoney/src/hooks/useAuth.tsx","statementMap":{"0":{"start":{"line":19,"column":6},"end":{"line":19,"column":null}},"1":{"start":{"line":21,"column":28},"end":{"line":90,"column":null}},"2":{"start":{"line":22,"column":22},"end":{"line":22,"column":null}},"3":{"start":{"line":23,"column":34},"end":{"line":23,"column":null}},"4":{"start":{"line":25,"column":2},"end":{"line":32,"column":null}},"5":{"start":{"line":26,"column":10},"end":{"line":26,"column":null}},"6":{"start":{"line":27,"column":10},"end":{"line":27,"column":null}},"7":{"start":{"line":28,"column":4},"end":{"line":31,"column":null}},"8":{"start":{"line":29,"column":6},"end":{"line":29,"column":null}},"9":{"start":{"line":30,"column":6},"end":{"line":30,"column":null}},"10":{"start":{"line":34,"column":16},"end":{"line":49,"column":null}},"11":{"start":{"line":35,"column":4},"end":{"line":48,"column":null}},"12":{"start":{"line":36,"column":18},"end":{"line":36,"column":null}},"13":{"start":{"line":38,"column":6},"end":{"line":38,"column":null}},"14":{"start":{"line":39,"column":6},"end":{"line":39,"column":null}},"15":{"start":{"line":40,"column":6},"end":{"line":40,"column":null}},"16":{"start":{"line":41,"column":6},"end":{"line":41,"column":null}},"17":{"start":{"line":42,"column":6},"end":{"line":42,"column":null}},"18":{"start":{"line":44,"column":18},"end":{"line":44,"column":null}},"19":{"start":{"line":45,"column":23},"end":{"line":45,"column":null}},"20":{"start":{"line":46,"column":6},"end":{"line":46,"column":null}},"21":{"start":{"line":47,"column":6},"end":{"line":47,"column":null}},"22":{"start":{"line":51,"column":17},"end":{"line":66,"column":null}},"23":{"start":{"line":52,"column":4},"end":{"line":65,"column":null}},"24":{"start":{"line":53,"column":12},"end":{"line":53,"column":null}},"25":{"start":{"line":54,"column":6},"end":{"line":56,"column":null}},"26":{"start":{"line":55,"column":8},"end":{"line":55,"column":null}},"27":{"start":{"line":59,"column":6},"end":{"line":59,"column":null}},"28":{"start":{"line":61,"column":6},"end":{"line":61,"column":null}},"29":{"start":{"line":62,"column":6},"end":{"line":62,"column":null}},"30":{"start":{"line":63,"column":6},"end":{"line":63,"column":null}},"31":{"start":{"line":64,"column":6},"end":{"line":64,"column":null}},"32":{"start":{"line":68,"column":19},"end":{"line":83,"column":null}},"33":{"start":{"line":69,"column":4},"end":{"line":82,"column":null}},"34":{"start":{"line":70,"column":18},"end":{"line":70,"column":null}},"35":{"start":{"line":72,"column":6},"end":{"line":72,"column":null}},"36":{"start":{"line":73,"column":6},"end":{"line":73,"column":null}},"37":{"start":{"line":74,"column":6},"end":{"line":74,"column":null}},"38":{"start":{"line":75,"column":6},"end":{"line":75,"column":null}},"39":{"start":{"line":76,"column":6},"end":{"line":76,"column":null}},"40":{"start":{"line":78,"column":18},"end":{"line":78,"column":null}},"41":{"start":{"line":79,"column":23},"end":{"line":79,"column":null}},"42":{"start":{"line":80,"column":6},"end":{"line":80,"column":null}},"43":{"start":{"line":81,"column":6},"end":{"line":81,"column":null}},"44":{"start":{"line":85,"column":2},"end":{"line":88,"column":null}},"45":{"start":{"line":92,"column":23},"end":{"line":98,"column":null}},"46":{"start":{"line":93,"column":8},"end":{"line":93,"column":null}},"47":{"start":{"line":94,"column":2},"end":{"line":96,"column":null}},"48":{"start":{"line":95,"column":4},"end":{"line":95,"column":null}},"49":{"start":{"line":97,"column":2},"end":{"line":97,"column":null}}},"fnMap":{"0":{"name":"(anonymous_0)","decl":{"start":{"line":21,"column":28},"end":{"line":21,"column":29}},"loc":{"start":{"line":21,"column":71},"end":{"line":90,"column":null}},"line":21},"1":{"name":"(anonymous_1)","decl":{"start":{"line":25,"column":12},"end":{"line":25,"column":18}},"loc":{"start":{"line":25,"column":18},"end":{"line":32,"column":5}},"line":25},"2":{"name":"(anonymous_2)","decl":{"start":{"line":34,"column":16},"end":{"line":34,"column":23}},"loc":{"start":{"line":34,"column":62},"end":{"line":49,"column":null}},"line":34},"3":{"name":"(anonymous_3)","decl":{"start":{"line":51,"column":17},"end":{"line":51,"column":29}},"loc":{"start":{"line":51,"column":29},"end":{"line":66,"column":null}},"line":51},"4":{"name":"(anonymous_4)","decl":{"start":{"line":68,"column":19},"end":{"line":68,"column":26}},"loc":{"start":{"line":68,"column":65},"end":{"line":83,"column":null}},"line":68},"5":{"name":"(anonymous_5)","decl":{"start":{"line":92,"column":23},"end":{"line":92,"column":29}},"loc":{"start":{"line":92,"column":29},"end":{"line":98,"column":null}},"line":92}},"branchMap":{"0":{"loc":{"start":{"line":28,"column":4},"end":{"line":31,"column":null}},"type":"if","locations":[{"start":{"line":28,"column":4},"end":{"line":31,"column":null}},{"start":{},"end":{}}],"line":28},"1":{"loc":{"start":{"line":28,"column":8},"end":{"line":28,"column":32}},"type":"binary-expr","locations":[{"start":{"line":28,"column":8},"end":{"line":28,"column":22}},{"start":{"line":28,"column":22},"end":{"line":28,"column":32}}],"line":28},"2":{"loc":{"start":{"line":45,"column":23},"end":{"line":45,"column":null}},"type":"binary-expr","locations":[{"start":{"line":45,"column":23},"end":{"line":45,"column":52}},{"start":{"line":45,"column":52},"end":{"line":45,"column":null}}],"line":45},"3":{"loc":{"start":{"line":54,"column":6},"end":{"line":56,"column":null}},"type":"if","locations":[{"start":{"line":54,"column":6},"end":{"line":56,"column":null}},{"start":{},"end":{}}],"line":54},"4":{"loc":{"start":{"line":79,"column":23},"end":{"line":79,"column":null}},"type":"binary-expr","locations":[{"start":{"line":79,"column":23},"end":{"line":79,"column":52}},{"start":{"line":79,"column":52},"end":{"line":79,"column":null}}],"line":79},"5":{"loc":{"start":{"line":94,"column":2},"end":{"line":96,"column":null}},"type":"if","locations":[{"start":{"line":94,"column":2},"end":{"line":96,"column":null}},{"start":{},"end":{}}],"line":94}},"s":{"0":0,"1":0,"2":0,"3":0,"4":0,"5":0,"6":0,"7":0,"8":0,"9":0,"10":0,"11":0,"12":0,"13":0,"14":0,"15":0,"16":0,"17":0,"18":0,"19":0,"20":0,"21":0,"22":0,"23":0,"24":0,"25":0,"26":0,"27":0,"28":0,"29":0,"30":0,"31":0,"32":0,"33":0,"34":0,"35":0,"36":0,"37":0,"38":0,"39":0,"40":0,"41":0,"42":0,"43":0,"44":0,"45":0,"46":0,"47":0,"48":0,"49":0},"f":{"0":0,"1":0,"2":0,"3":0,"4":0,"5":0},"b":{"0":[0,0],"1":[0,0],"2":[0,0],"3":[0,0],"4":[0,0],"5":[0,0]},"meta":{"lastBranch":6,"lastFunction":6,"lastStatement":50,"seen":{"s:19:6:19:Infinity":0,"s:21:28:90:Infinity":1,"f:21:28:21:29":0,"s:22:22:22:Infinity":2,"s:23:34:23:Infinity":3,"s:25:2:32:Infinity":4,"f:25:12:25:18":1,"s:26:10:26:Infinity":5,"s:27:10:27:Infinity":6,"b:28:4:31:Infinity:undefined:undefined:undefined:undefined":0,"s:28:4:31:Infinity":7,"b:28:8:28:22:28:22:28:32":1,"s:29:6:29:Infinity":8,"s:30:6:30:Infinity":9,"s:34:16:49:Infinity":10,"f:34:16:34:23":2,"s:35:4:48:Infinity":11,"s:36:18:36:Infinity":12,"s:38:6:38:Infinity":13,"s:39:6:39:Infinity":14,"s:40:6:40:Infinity":15,"s:41:6:41:Infinity":16,"s:42:6:42:Infinity":17,"s:44:18:44:Infinity":18,"s:45:23:45:Infinity":19,"b:45:23:45:52:45:52:45:Infinity":2,"s:46:6:46:Infinity":20,"s:47:6:47:Infinity":21,"s:51:17:66:Infinity":22,"f:51:17:51:29":3,"s:52:4:65:Infinity":23,"s:53:12:53:Infinity":24,"b:54:6:56:Infinity:undefined:undefined:undefined:undefined":3,"s:54:6:56:Infinity":25,"s:55:8:55:Infinity":26,"s:59:6:59:Infinity":27,"s:61:6:61:Infinity":28,"s:62:6:62:Infinity":29,"s:63:6:63:Infinity":30,"s:64:6:64:Infinity":31,"s:68:19:83:Infinity":32,"f:68:19:68:26":4,"s:69:4:82:Infinity":33,"s:70:18:70:Infinity":34,"s:72:6:72:Infinity":35,"s:73:6:73:Infinity":36,"s:74:6:74:Infinity":37,"s:75:6:75:Infinity":38,"s:76:6:76:Infinity":39,"s:78:18:78:Infinity":40,"s:79:23:79:Infinity":41,"b:79:23:79:52:79:52:79:Infinity":4,"s:80:6:80:Infinity":42,"s:81:6:81:Infinity":43,"s:85:2:88:Infinity":44,"s:92:23:98:Infinity":45,"f:92:23:92:29":5,"s:93:8:93:Infinity":46,"b:94:2:96:Infinity:undefined:undefined:undefined:undefined":5,"s:94:2:96:Infinity":47,"s:95:4:95:Infinity":48,"s:97:2:97:Infinity":49}}}
,"/mnt/x/viteMoney/src/hooks/useBoolean.ts": {"path":"/mnt/x/viteMoney/src/hooks/useBoolean.ts","statementMap":{"0":{"start":{"line":12,"column":24},"end":{"line":12,"column":null}},"1":{"start":{"line":14,"column":8},"end":{"line":14,"column":null}},"2":{"start":{"line":14,"column":36},"end":{"line":14,"column":52}},"3":{"start":{"line":15,"column":8},"end":{"line":15,"column":null}},"4":{"start":{"line":15,"column":37},"end":{"line":15,"column":54}},"5":{"start":{"line":16,"column":8},"end":{"line":16,"column":null}},"6":{"start":{"line":16,"column":35},"end":{"line":16,"column":60}},"7":{"start":{"line":16,"column":52},"end":{"line":16,"column":57}},"8":{"start":{"line":18,"column":2},"end":{"line":27,"column":null}},"9":{"start":{"line":19,"column":11},"end":{"line":25,"column":null}}},"fnMap":{"0":{"name":"useBoolean","decl":{"start":{"line":11,"column":16},"end":{"line":11,"column":27}},"loc":{"start":{"line":11,"column":67},"end":{"line":28,"column":null}},"line":11},"1":{"name":"(anonymous_1)","decl":{"start":{"line":14,"column":30},"end":{"line":14,"column":36}},"loc":{"start":{"line":14,"column":36},"end":{"line":14,"column":52}},"line":14},"2":{"name":"(anonymous_2)","decl":{"start":{"line":15,"column":31},"end":{"line":15,"column":37}},"loc":{"start":{"line":15,"column":37},"end":{"line":15,"column":54}},"line":15},"3":{"name":"(anonymous_3)","decl":{"start":{"line":16,"column":29},"end":{"line":16,"column":35}},"loc":{"start":{"line":16,"column":35},"end":{"line":16,"column":60}},"line":16},"4":{"name":"(anonymous_4)","decl":{"start":{"line":16,"column":44},"end":{"line":16,"column":52}},"loc":{"start":{"line":16,"column":52},"end":{"line":16,"column":57}},"line":16},"5":{"name":"(anonymous_5)","decl":{"start":{"line":19,"column":4},"end":{"line":19,"column":11}},"loc":{"start":{"line":19,"column":11},"end":{"line":25,"column":null}},"line":19}},"branchMap":{"0":{"loc":{"start":{"line":11,"column":27},"end":{"line":11,"column":67}},"type":"default-arg","locations":[{"start":{"line":11,"column":42},"end":{"line":11,"column":67}}],"line":11}},"s":{"0":0,"1":0,"2":0,"3":0,"4":0,"5":0,"6":0,"7":0,"8":0,"9":0},"f":{"0":0,"1":0,"2":0,"3":0,"4":0,"5":0},"b":{"0":[0]},"meta":{"lastBranch":1,"lastFunction":6,"lastStatement":10,"seen":{"f:11:16:11:27":0,"b:11:42:11:67":0,"s:12:24:12:Infinity":0,"s:14:8:14:Infinity":1,"f:14:30:14:36":1,"s:14:36:14:52":2,"s:15:8:15:Infinity":3,"f:15:31:15:37":2,"s:15:37:15:54":4,"s:16:8:16:Infinity":5,"f:16:29:16:35":3,"s:16:35:16:60":6,"f:16:44:16:52":4,"s:16:52:16:57":7,"s:18:2:27:Infinity":8,"f:19:4:19:11":5,"s:19:11:25:Infinity":9}}}
,"/mnt/x/viteMoney/src/hooks/useCategories.ts": {"path":"/mnt/x/viteMoney/src/hooks/useCategories.ts","statementMap":{"0":{"start":{"line":35,"column":32},"end":{"line":43,"column":null}},"1":{"start":{"line":36,"column":2},"end":{"line":42,"column":null}},"2":{"start":{"line":36,"column":34},"end":{"line":42,"column":4}},"3":{"start":{"line":46,"column":38},"end":{"line":53,"column":null}},"4":{"start":{"line":47,"column":2},"end":{"line":52,"column":null}},"5":{"start":{"line":47,"column":35},"end":{"line":52,"column":4}},"6":{"start":{"line":55,"column":29},"end":{"line":297,"column":null}},"7":{"start":{"line":56,"column":21},"end":{"line":56,"column":null}},"8":{"start":{"line":57,"column":40},"end":{"line":57,"column":null}},"9":{"start":{"line":58,"column":28},"end":{"line":58,"column":null}},"10":{"start":{"line":61,"column":2},"end":{"line":75,"column":null}},"11":{"start":{"line":62,"column":4},"end":{"line":74,"column":null}},"12":{"start":{"line":63,"column":6},"end":{"line":63,"column":null}},"13":{"start":{"line":64,"column":6},"end":{"line":73,"column":null}},"14":{"start":{"line":66,"column":10},"end":{"line":66,"column":null}},"15":{"start":{"line":69,"column":10},"end":{"line":69,"column":null}},"16":{"start":{"line":72,"column":10},"end":{"line":72,"column":null}},"17":{"start":{"line":78,"column":8},"end":{"line":93,"column":null}},"18":{"start":{"line":79,"column":4},"end":{"line":90,"column":null}},"19":{"start":{"line":80,"column":6},"end":{"line":89,"column":null}},"20":{"start":{"line":81,"column":14},"end":{"line":81,"column":null}},"21":{"start":{"line":82,"column":8},"end":{"line":88,"column":null}},"22":{"start":{"line":92,"column":4},"end":{"line":92,"column":null}},"23":{"start":{"line":96,"column":8},"end":{"line":111,"column":null}},"24":{"start":{"line":97,"column":4},"end":{"line":108,"column":null}},"25":{"start":{"line":98,"column":6},"end":{"line":107,"column":null}},"26":{"start":{"line":99,"column":14},"end":{"line":99,"column":null}},"27":{"start":{"line":100,"column":8},"end":{"line":106,"column":null}},"28":{"start":{"line":110,"column":4},"end":{"line":110,"column":null}},"29":{"start":{"line":114,"column":8},"end":{"line":116,"column":null}},"30":{"start":{"line":115,"column":4},"end":{"line":115,"column":null}},"31":{"start":{"line":119,"column":8},"end":{"line":137,"column":null}},"32":{"start":{"line":120,"column":32},"end":{"line":120,"column":null}},"33":{"start":{"line":123,"column":4},"end":{"line":125,"column":null}},"34":{"start":{"line":124,"column":6},"end":{"line":124,"column":null}},"35":{"start":{"line":124,"column":59},"end":{"line":124,"column":67}},"36":{"start":{"line":128,"column":4},"end":{"line":134,"column":null}},"37":{"start":{"line":129,"column":6},"end":{"line":133,"column":null}},"38":{"start":{"line":130,"column":8},"end":{"line":132,"column":null}},"39":{"start":{"line":131,"column":10},"end":{"line":131,"column":null}},"40":{"start":{"line":136,"column":4},"end":{"line":136,"column":null}},"41":{"start":{"line":140,"column":32},"end":{"line":166,"column":null}},"42":{"start":{"line":142,"column":10},"end":{"line":142,"column":null}},"43":{"start":{"line":143,"column":4},"end":{"line":145,"column":null}},"44":{"start":{"line":144,"column":6},"end":{"line":144,"column":null}},"45":{"start":{"line":148,"column":21},"end":{"line":148,"column":null}},"46":{"start":{"line":149,"column":4},"end":{"line":165,"column":null}},"47":{"start":{"line":150,"column":12},"end":{"line":150,"column":null}},"48":{"start":{"line":151,"column":6},"end":{"line":158,"column":null}},"49":{"start":{"line":152,"column":8},"end":{"line":157,"column":null}},"50":{"start":{"line":159,"column":6},"end":{"line":164,"column":null}},"51":{"start":{"line":169,"column":18},"end":{"line":193,"column":null}},"52":{"start":{"line":171,"column":4},"end":{"line":176,"column":null}},"53":{"start":{"line":172,"column":12},"end":{"line":172,"column":null}},"54":{"start":{"line":173,"column":6},"end":{"line":175,"column":null}},"55":{"start":{"line":174,"column":8},"end":{"line":174,"column":null}},"56":{"start":{"line":179,"column":10},"end":{"line":179,"column":null}},"57":{"start":{"line":180,"column":4},"end":{"line":182,"column":null}},"58":{"start":{"line":181,"column":6},"end":{"line":181,"column":null}},"59":{"start":{"line":185,"column":10},"end":{"line":185,"column":null}},"60":{"start":{"line":186,"column":4},"end":{"line":188,"column":null}},"61":{"start":{"line":187,"column":6},"end":{"line":187,"column":null}},"62":{"start":{"line":191,"column":19},"end":{"line":191,"column":null}},"63":{"start":{"line":191,"column":48},"end":{"line":191,"column":72}},"64":{"start":{"line":192,"column":4},"end":{"line":192,"column":null}},"65":{"start":{"line":196,"column":25},"end":{"line":217,"column":null}},"66":{"start":{"line":198,"column":4},"end":{"line":203,"column":null}},"67":{"start":{"line":199,"column":12},"end":{"line":199,"column":null}},"68":{"start":{"line":200,"column":6},"end":{"line":202,"column":null}},"69":{"start":{"line":201,"column":8},"end":{"line":201,"column":null}},"70":{"start":{"line":205,"column":10},"end":{"line":205,"column":null}},"71":{"start":{"line":206,"column":4},"end":{"line":208,"column":null}},"72":{"start":{"line":207,"column":6},"end":{"line":207,"column":null}},"73":{"start":{"line":211,"column":10},"end":{"line":211,"column":null}},"74":{"start":{"line":212,"column":4},"end":{"line":214,"column":null}},"75":{"start":{"line":213,"column":6},"end":{"line":213,"column":null}},"76":{"start":{"line":216,"column":4},"end":{"line":216,"column":null}},"77":{"start":{"line":220,"column":18},"end":{"line":223,"column":null}},"78":{"start":{"line":221,"column":10},"end":{"line":221,"column":null}},"79":{"start":{"line":222,"column":4},"end":{"line":222,"column":null}},"80":{"start":{"line":226,"column":24},"end":{"line":229,"column":null}},"81":{"start":{"line":227,"column":10},"end":{"line":227,"column":null}},"82":{"start":{"line":228,"column":4},"end":{"line":228,"column":null}},"83":{"start":{"line":232,"column":35},"end":{"line":235,"column":null}},"84":{"start":{"line":233,"column":10},"end":{"line":233,"column":null}},"85":{"start":{"line":234,"column":4},"end":{"line":234,"column":null}},"86":{"start":{"line":238,"column":24},"end":{"line":278,"column":null}},"87":{"start":{"line":246,"column":4},"end":{"line":254,"column":null}},"88":{"start":{"line":247,"column":12},"end":{"line"
[...]
n":60},"end":{"line":132,"column":null}},"line":129},"19":{"name":"(anonymous_19)","decl":{"start":{"line":135,"column":35},"end":{"line":135,"column":36}},"loc":{"start":{"line":135,"column":64},"end":{"line":137,"column":null}},"line":135},"20":{"name":"(anonymous_20)","decl":{"start":{"line":140,"column":31},"end":{"line":140,"column":52}},"loc":{"start":{"line":140,"column":52},"end":{"line":143,"column":null}},"line":140},"21":{"name":"(anonymous_21)","decl":{"start":{"line":146,"column":32},"end":{"line":146,"column":33}},"loc":{"start":{"line":146,"column":60},"end":{"line":148,"column":null}},"line":146},"22":{"name":"(anonymous_22)","decl":{"start":{"line":151,"column":30},"end":{"line":151,"column":31}},"loc":{"start":{"line":151,"column":83},"end":{"line":154,"column":null}},"line":151},"23":{"name":"(anonymous_23)","decl":{"start":{"line":153,"column":22},"end":{"line":153,"column":27}},"loc":{"start":{"line":153,"column":27},"end":{"line":153,"column":63}},"line":153},"24":{"name":"(anonymous_24)","decl":{"start":{"line":157,"column":30},"end":{"line":157,"column":31}},"loc":{"start":{"line":157,"column":61},"end":{"line":166,"column":null}},"line":157},"25":{"name":"(anonymous_25)","decl":{"start":{"line":159,"column":42},"end":{"line":159,"column":47}},"loc":{"start":{"line":159,"column":47},"end":{"line":159,"column":97}},"line":159},"26":{"name":"(anonymous_26)","decl":{"start":{"line":169,"column":33},"end":{"line":169,"column":34}},"loc":{"start":{"line":169,"column":72},"end":{"line":173,"column":null}},"line":169},"27":{"name":"(anonymous_27)","decl":{"start":{"line":171,"column":34},"end":{"line":171,"column":39}},"loc":{"start":{"line":171,"column":39},"end":{"line":171,"column":78}},"line":171}},"branchMap":{"0":{"loc":{"start":{"line":23,"column":9},"end":{"line":23,"column":null}},"type":"cond-expr","locations":[{"start":{"line":23,"column":16},"end":{"line":23,"column":35}},{"start":{"line":23,"column":35},"end":{"line":23,"column":null}}],"line":23},"1":{"loc":{"start":{"line":49,"column":2},"end":{"line":52,"column":null}},"type":"if","locations":[{"start":{"line":49,"column":2},"end":{"line":52,"column":null}},{"start":{},"end":{}}],"line":49},"2":{"loc":{"start":{"line":58,"column":9},"end":{"line":58,"column":null}},"type":"cond-expr","locations":[{"start":{"line":58,"column":16},"end":{"line":58,"column":35}},{"start":{"line":58,"column":35},"end":{"line":58,"column":null}}],"line":58},"3":{"loc":{"start":{"line":96,"column":2},"end":{"line":96,"column":null}},"type":"if","locations":[{"start":{"line":96,"column":2},"end":{"line":96,"column":null}},{"start":{},"end":{}}],"line":96},"4":{"loc":{"start":{"line":112,"column":9},"end":{"line":112,"column":null}},"type":"binary-expr","locations":[{"start":{"line":112,"column":9},"end":{"line":112,"column":31}},{"start":{"line":112,"column":31},"end":{"line":112,"column":null}}],"line":112},"5":{"loc":{"start":{"line":131,"column":9},"end":{"line":131,"column":null}},"type":"cond-expr","locations":[{"start":{"line":131,"column":16},"end":{"line":131,"column":35}},{"start":{"line":131,"column":35},"end":{"line":131,"column":null}}],"line":131},"6":{"loc":{"start":{"line":142,"column":9},"end":{"line":142,"column":null}},"type":"cond-expr","locations":[{"start":{"line":142,"column":16},"end":{"line":142,"column":35}},{"start":{"line":142,"column":35},"end":{"line":142,"column":null}}],"line":142},"7":{"loc":{"start":{"line":153,"column":9},"end":{"line":153,"column":null}},"type":"binary-expr","locations":[{"start":{"line":153,"column":9},"end":{"line":153,"column":68}},{"start":{"line":153,"column":68},"end":{"line":153,"column":null}}],"line":153},"8":{"loc":{"start":{"line":153,"column":27},"end":{"line":153,"column":63}},"type":"binary-expr","locations":[{"start":{"line":153,"column":27},"end":{"line":153,"column":46}},{"start":{"line":153,"column":46},"end":{"line":153,"column":63}}],"line":153},"9":{"loc":{"start":{"line":159,"column":47},"end":{"line":159,"column":97}},"type":"binary-expr","locations":[{"start":{"line":159,"column":47},"end":{"line":159,"column":73}},{"start":{"line":159,"column":73},"end":{"line":159,"column":97}}],"line":159},"10":{"loc":{"start":{"line":160,"column":2},"end":{"line":164,"column":null}},"type":"if","locations":[{"start":{"line":160,"column":2},"end":{"line":164,"column":null}},{"start":{"line":162,"column":9},"end":{"line":164,"column":null}}],"line":160},"11":{"loc":{"start":{"line":171,"column":41},"end":{"line":171,"column":78}},"type":"binary-expr","locations":[{"start":{"line":171,"column":41},"end":{"line":171,"column":60}},{"start":{"line":171,"column":60},"end":{"line":171,"column":78}}],"line":171}},"s":{"0":0,"1":0,"2":0,"3":0,"4":0,"5":0,"6":0,"7":0,"8":0,"9":0,"10":0,"11":0,"12":0,"13":0,"14":0,"15":0,"16":0,"17":0,"18":0,"19":0,"20":0,"21":0,"22":0,"23":0,"24":0,"25":0,"26":0,"27":0,"28":0,"29":0,"30":0,"31":0,"32":0,"33":0,"34":0,"35":0,"36":0,"37":0,"38":0,"39":0,"40":0,"41":0,"42":0,"43":0,"44":0,"45":0,"46":0,"47":0,"48":0,"49":0,"50":0,"51":0,"52":0,"53":0,"54":0,"55":0,"56":0,"57":0,"58":0,"59":0,"60":0,"61":0,"62":0,"63":0,"64":0,"65":0,"66":0,"67":0,"68":0,"69":0,"70":0,"71":0,"72":0,"73":0,"74":0,"75":0,"76":0,"77":0,"78":0,"79":0,"80":0,"81":0,"82":0,"83":0,"84":0},"f":{"0":0,"1":0,"2":0,"3":0,"4":0,"5":0,"6":0,"7":0,"8":0,"9":0,"10":0,"11":0,"12":0,"13":0,"14":0,"15":0,"16":0,"17":0,"18":0,"19":0,"20":0,"21":0,"22":0,"23":0,"24":0,"25":0,"26":0,"27":0},"b":{"0":[0,0],"1":[0,0],"2":[0,0],"3":[0,0],"4":[0,0],"5":[0,0],"6":[0,0],"7":[0,0],"8":[0,0],"9":[0,0],"10":[0,0],"11":[0,0]},"meta":{"lastBranch":12,"lastFunction":28,"lastStatement":85,"seen":{"s:10:21:18:Infinity":0,"s:21:31:24:Infinity":1,"f:21:31:21:51":0,"s:22:15:22:Infinity":2,"s:23:2:23:Infinity":3,"b:23:16:23:35:23:35:23:Infinity":0,"s:27:32:29:Infinity":4,"f:27:32:27:33":1,"s:28:2:28:Infinity":5,"s:32:30:36:Infinity":6,"f:32:30:32:31":2,"s:33:18:33:Infinity":7,"s:34:2:34:Infinity":8,"s:35:2:35:Infinity":9,"s:39:33:43:Infinity":10,"f:39:33:39:34":3,"s:40:18:40:Infinity":11,"s:41:19:41:Infinity":12,"f:41:34:41:39":4,"s:41:39:41:50":13,"s:42:2:42:Infinity":14,"s:46:33:53:Infinity":15,"f:46:33:46:34":5,"s:47:18:47:Infinity":16,"s:48:16:48:Infinity":17,"f:48:34:48:39":6,"s:48:39:48:50":18,"b:49:2:52:Infinity:undefined:undefined:undefined:undefined":1,"s:49:2:52:Infinity":19,"s:50:4:50:Infinity":20,"s:51:4:51:Infinity":21,"s:56:23:59:Infinity":22,"f:56:23:56:42":7,"s:57:15:57:Infinity":23,"s:58:2:58:Infinity":24,"b:58:16:58:35:58:35:58:Infinity":2,"s:62:24:64:Infinity":25,"f:62:24:62:25":8,"s:63:2:63:Infinity":26,"s:67:25:72:Infinity":27,"f:67:25:67:31":9,"s:68:2:68:Infinity":28,"s:69:2:69:Infinity":29,"s:70:2:70:Infinity":30,"s:71:2:71:Infinity":31,"s:75:30:77:Infinity":32,"f:75:30:75:51":10,"s:76:2:76:Infinity":33,"s:80:31:82:Infinity":34,"f:80:31:80:52":11,"s:81:2:81:Infinity":35,"s:85:26:91:Infinity":36,"f:85:26:85:27":12,"s:86:2:86:Infinity":37,"s:87:2:87:Infinity":38,"s:89:20:89:Infinity":39,"s:90:2:90:Infinity":40,"s:94:30:98:Infinity":41,"f:94:30:94:45":13,"s:95:20:95:Infinity":42,"b:96:2:96:Infinity:undefined:undefined:undefined:undefined":3,"s:96:2:96:Infinity":43,"s:96:18:96:Infinity":44,"s:97:2:97:Infinity":45,"s:101:24:103:Infinity":46,"f:101:24:101:45":14,"s:102:2:102:Infinity":47,"s:106:25:108:Infinity":48,"f:106:25:106:26":15,"s:107:2:107:Infinity":49,"s:111:26:113:Infinity":50,"f:111:26:111:41":16,"s:112:2:112:Infinity":51,"b:112:9:112:31:112:31:112:Infinity":4,"s:116:28:122:Infinity":52,"f:116:28:116:34":17,"s:117:2:117:Infinity":53,"s:118:2:118:Infinity":54,"s:119:2:119:Infinity":55,"s:120:2:120:Infinity":56,"s:121:2:121:Infinity":57,"s:129:34:132:Infinity":58,"f:129:34:129:60":18,"s:130:15:130:Infinity":59,"s:131:2:131:Infinity":60,"b:131:16:131:35:131:35:131:Infinity":5,"s:135:35:137:Infinity":61,"f:135:35:135:36":19,"s:136:2:136:Infinity":62,"s:140:31:143:Infinity":63,"f:140:31:140:52":20,"s:141:15:141:Infinity":64,"s:142:2:142:Infinity":65,"b:142:16:142:35:142:35:142:Infinity":6,"s:146:32:148:Infinity":66,"f:146:32:146:33":21,"s:147:2:147:Infinity":67,"s:151:30:154:Infinity":68,"f:151:30:151:31":22,"s:152:18:152:Infinity":69,"s:153:2:153:Infinity":70,"b:153:9:153:68:153:68:153:Infinity":7,"f:153:22:153:27":23,"s:153:27:153:63":71,"b:153:27:153:46:153:46:153:63":8,"s:157:30:166:Infinity":72,"f:157:30:157:31":24,"s:158:18:158:Infinity":73,"s:159:24:159:Infinity":74,"f:159:42:159:47":25,"s:159:47:159:97":75,"b:159:47:159:73:159:73:159:97":9,"b:160:2:164:Infinity:162:9:164:Infinity":10,"s:160:2:164:Infinity":76,"s:161:4:161:Infinity":77,"s:163:4:163:Infinity":78,"s:165:2:165:Infinity":79,"s:169:33:173:Infinity":80,"f:169:33:169:34":26,"s:170:18:170:Infinity":81,"s:171:19:171:Infinity":82,"f:171:34:171:39":27,"s:171:39:171:78":83,"b:171:41:171:60:171:60:171:78":11,"s:172:2:172:Infinity":84}}}
,"/mnt/x/viteMoney/src/utils/theme.ts": {"path":"/mnt/x/viteMoney/src/utils/theme.ts","statementMap":{"0":{"start":{"line":44,"column":39},"end":{"line":77,"column":null}},"1":{"start":{"line":80,"column":38},"end":{"line":113,"column":null}},"2":{"start":{"line":115,"column":26},"end":{"line":115,"column":null}},"3":{"start":{"line":118,"column":36},"end":{"line":118,"column":null}},"4":{"start":{"line":119,"column":32},"end":{"line":119,"column":null}},"5":{"start":{"line":120,"column":72},"end":{"line":120,"column":null}},"6":{"start":{"line":123,"column":4},"end":{"line":123,"column":null}},"7":{"start":{"line":128,"column":23},"end":{"line":128,"column":null}},"8":{"start":{"line":129,"column":4},"end":{"line":131,"column":null}},"9":{"start":{"line":130,"column":6},"end":{"line":130,"column":null}},"10":{"start":{"line":134,"column":23},"end":{"line":134,"column":null}},"11":{"start":{"line":135,"column":4},"end":{"line":139,"column":null}},"12":{"start":{"line":136,"column":6},"end":{"line":138,"column":null}},"13":{"start":{"line":137,"column":8},"end":{"line":137,"column":null}},"14":{"start":{"line":142,"column":4},"end":{"line":142,"column":null}},"15":{"start":{"line":149,"column":4},"end":{"line":149,"column":null}},"16":{"start":{"line":156,"column":4},"end":{"line":156,"column":null}},"17":{"start":{"line":163,"column":4},"end":{"line":163,"column":null}},"18":{"start":{"line":170,"column":4},"end":{"line":170,"column":null}},"19":{"start":{"line":171,"column":4},"end":{"line":171,"column":null}},"20":{"start":{"line":172,"column":4},"end":{"line":172,"column":null}},"21":{"start":{"line":173,"column":4},"end":{"line":173,"column":null}},"22":{"start":{"line":180,"column":25},"end":{"line":180,"column":null}},"23":{"start":{"line":182,"column":4},"end":{"line":186,"column":null}},"24":{"start":{"line":183,"column":6},"end":{"line":183,"column":null}},"25":{"start":{"line":185,"column":6},"end":{"line":185,"column":null}},"26":{"start":{"line":189,"column":19},"end":{"line":189,"column":null}},"27":{"start":{"line":190,"column":17},"end":{"line":190,"column":null}},"28":{"start":{"line":193,"column":4},"end":{"line":193,"column":null}},"29":{"start":{"line":194,"column":4},"end":{"line":194,"column":null}},"30":{"start":{"line":195,"column":4},"end":{"line":195,"column":null}},"31":{"start":{"line":196,"column":4},"end":{"line":196,"column":null}},"32":{"start":{"line":197,"column":4},"end":{"line":197,"column":null}},"33":{"start":{"line":198,"column":4},"end":{"line":198,"column":null}},"34":{"start":{"line":199,"column":4},"end":{"line":199,"column":null}},"35":{"start":{"line":201,"column":4},"end":{"line":201,"column":null}},"36":{"start":{"line":202,"column":4},"end":{"line":202,"column":null}},"37":{"start":{"line":203,"column":4},"end":{"line":203,"column":null}},"38":{"start":{"line":204,"column":4},"end":{"line":204,"column":null}},"39":{"start":{"line":206,"column":4},"end":{"line":206,"column":null}},"40":{"start":{"line":207,"column":4},"end":{"line":207,"column":null}},"41":{"start":{"line":209,"column":4},"end":{"line":209,"column":null}},"42":{"start":{"line":210,"column":4},"end":{"line":210,"column":null}},"43":{"start":{"line":211,"column":4},"end":{"line":211,"column":null}},"44":{"start":{"line":212,"column":4},"end":{"line":212,"column":null}},"45":{"start":{"line":213,"column":4},"end":{"line":213,"column":null}},"46":{"start":{"line":214,"column":4},"end":{"line":214,"column":null}},"47":{"start":{"line":215,"column":4},"end":{"line":215,"column":null}},"48":{"start":{"line":217,"column":4},"end":{"line":217,"column":null}},"49":{"start":{"line":218,"column":4},"end":{"line":218,"column":null}},"50":{"start":{"line":219,"column":4},"end":{"line":219,"column":null}},"51":{"start":{"line":222,"column":4},"end":{"line":222,"column":null}},"52":{"start":{"line":225,"column":4},"end":{"line":225,"column":null}},"53":{"start":{"line":226,"column":4},"end":{"line":226,"column":null}},"54":{"start":{"line":233,"column":4},"end":{"line":233,"column":null}},"55":{"start":{"line":234,"column":4},"end":{"line":234,"column":null}},"56":{"start":{"line":234,"column":17},"end":{"line":234,"column":null}},"57":{"start":{"line":238,"column":4},"end":{"line":238,"column":null}},"58":{"start":{"line":238,"column":41},"end":{"line":238,"column":85}},"59":{"start":{"line":242,"column":28},"end":{"line":242,"column":null}}},"fnMap":{"0":{"name":"(anonymous_0)","decl":{"start":{"line":122,"column":2},"end":{"line":122,"column":16}},"loc":{"start":{"line":122,"column":16},"end":{"line":124,"column":null}},"line":122},"1":{"name":"(anonymous_1)","decl":{"start":{"line":126,"column":10},"end":{"line":126,"column":23}},"loc":{"start":{"line":126,"column":23},"end":{"line":143,"column":null}},"line":126},"2":{"name":"(anonymous_2)","decl":{"start":{"line":135,"column":42},"end":{"line":135,"column":48}},"loc":{"start":{"line":135,"column":48},"end":{"line":139,"column":5}},"line":135},"3":{"name":"(anonymous_3)","decl":{"start":{"line":148,"column":2},"end":{"line":148,"column":24}},"loc":{"start":{"line":148,"column":24},"end":{"line":150,"column":null}},"line":148},"4":{"name":"(anonymous_4)","decl":{"start":{"line":155,"column":2},"end":{"line":155,"column":27}},"loc":{"start":{"line":155,"column":27},"end":{"line":157,"column":null}},"line":155},"5":{"name":"(anonymous_5)","decl":{"start":{"line":162,"column":2},"end":{"line":162,"column":27}},"loc":{"start":{"line":162,"column":27},"end":{"line":164,"column":null}},"line":162},"6":{"name":"(anonymous_6)","decl":{"start":{"line":169,"column":2},"end":{"line":169,"column":11}},"loc":{"start":{"line":169,"column":35},"end":{"line":174,"column":null}},"line":169},"7":{"name":"(anonymous_7)","decl":{"start":{"line":179,"column":10},"end":{"line":179,"column":29}},"loc":{"start":{"line":179,"column":29},"end":{"line":227,"column":null}},"line":179},"8":{"name":"(anonymous_8)","decl":{"start":{"line":232,"column":2},"end":{"line":232,"column":12}},"loc":{"start":{"line":232,"column":79},"end":{"line":235,"column":null}},"line":232},"9":{"name":"(anonymous_9)","decl":{"start":{"line":234,"column":11},"end":{"line":234,"column":17}},"loc":{"start":{"line":234,"column":17},"end":{"line":234,"column":null}},"line":234},"10":{"name":"(anonymous_10)","decl":{"start":{"line":237,"column":10},"end":{"line":237,"column":34}},"loc":{"start":{"line":237,"column":34},"end":{"line":239,"column":null}},"line":237},"11":{"name":"(anonymous_11)","decl":{"start":{"line":238,"column":27},"end":{"line":238,"column":28}},"loc":{"start":{"line":238,"column":41},"end":{"line":238,"column":85}},"line":238}},"branchMap":{"0":{"loc":{"start":{"line":129,"column":4},"end":{"line":131,"column":null}},"type":"if","locations":[{"start":{"line":129,"column":4},"end":{"line":131,"column":null}},{"start":{},"end":{}}],"line":129},"1":{"loc":{"start":{"line":129,"column":8},"end":{"line":129,"column":72}},"type":"binary-expr","locations":[{"start":{"line":129,"column":8},"end":{"line":129,"column":22}},{"start":{"line":129,"column":22},"end":{"line":129,"column":72}}],"line":129},"2":{"loc":{"start":{"line":136,"column":6},"end":{"line":138,"column":null}},"type":"if","locations":[{"start":{"line":136,"column":6},"end":{"line":138,"column":null}},{"start":{},"end":{}}],"line":136},"3":{"loc":{"start":{"line":163,"column":11},"end":{"line":163,"column":null}},"type":"cond-expr","locations":[{"start":{"line":163,"column":29},"end":{"line":163,"column":41}},{"start":{"line":163,"column":41},"end":{"line":163,"column":null}}],"line":163},"4":{"loc":{"start":{"line":182,"column":4},"end":{"line":186,"column":null}},"type":"if","locations":[{"start":{"line":182,"column":4},"end":{"line":186,"column":null}},{"start":{"line":184,"column":11},"end":{"line":186,"column":null}}],"line":182},"5":{"loc":{"start":{"line":189,"column":19},"end":{"line":189,"column":null}},"type":"cond-expr","locations":[{"start":{"line":189,"column":37},"end":{"line":189,"column":49}},{"start":{"line":189,"column":49},"end":{"line":189,"column":null}}],"line":189},"6":{"loc":{"start":{"line":222,"column":36},"end":{"line":222,"column":70}},"type":"cond-expr","locations":[{"start":{"line":222,"column":54},"end":{"line":222,"column":63}},{"start":{"line":222,"column":63},"end":{"line":222,"column":70}}],"line":222}},"s":{"0":0,"1":0,"2":0,"3":0,"4":0,"5":0,"6":0,"7":0,"8":0,"9":0,"10":0,"11":0,"12":0,"13":0,"14":0,"15":0,"16":0,"17":0,"18":0,"19":0,"20":0,"21":0,"22":0,"23":0,"24":0,"25":0,"26":0,"27":0,"28":0,"29":0,"30":0,"31":0,"32":0,"33":0,"34":0,"35":0,"36":0,"37":0,"38":0,"39":0,"40":0,"41":0,"42":0,"43":0,"44":0,"45":0,"46":0,"47":0,"48":0,"49":0,"50":0,"51":0,"52":0,"53":0,"54":0,"55":0,"56":0,"57":0,"58":0,"59":0},"f":{"0":0,"1":0,"2":0,"3":0,"4":0,"5":0,"6":0,"7":0,"8":0,"9":0,"10":0,"11":0},"b":{"0":[0,0],"1":[0,0],"2":[0,0],"3":[0,0],"4":[0,0],"5":[0,0],"6":[0,0]},"meta":{"lastBranch":7,"lastFunction":12,"lastStatement":60,"seen":{"s:44:39:77:Infinity":0,"s:80:38:113:Infinity":1,"s:115:26:115:Infinity":2,"s:118:36:118:Infinity":3,"s:119:32:119:Infinity":4,"s:120:72:120:Infinity":5,"f:122:2:122:16":0,"s:123:4:123:Infinity":6,"f:126:10:126:23":1,"s:128:23:128:Infinity":7,"b:129:4:131:Infinity:undefined:undefined:undefined:undefined":0,"s:129:4:131:Infinity":8,"b:129:8:129:22:129:22:129:72":1,"s:130:6:130:Infinity":9,"s:134:23:134:Infinity":10,"s:135:4:139:Infinity":11,"f:135:42:135:48":2,"b:136:6:138:Infinity:undefined:undefined:undefined:undefined":2,"s:136:6:138:Infinity":12,"s:137:8:137:Infinity":13,"s:142:4:142:Infinity":14,"f:148:2:148:24":3,"s:149:4:149:Infinity":15,"f:155:2:155:27":4,"s:156:4:156:Infinity":16,"f:162:2:162:27":5,"s:163:4:163:Infinity":17,"b:163:29:163:41:163:41:163:Infinity":3,"f:169:2:169:11":6,"s:170:4:170:Infinity":18,"s:171:4:171:Infinity":19,"s:172:4:172:Infinity":20,"s:173:4:173:Infinity":21,"f:179:10:179:29":7,"s:180:25:180:Infinity":22,"b:182:4:186:Infinity:184:11:186:Infinity":4,"s:182:4:186:Infinity":23,"s:183:6:183:Infinity":24,"s:185:6:185:Infinity":25,"s:189:19:189:Infinity":26,"b:189:37:189:49:189:49:189:Infinity":5,"s:190:17:190:Infinity":27,"s:193:4:193:Infinity":28,"s:194:4:194:Infinity":29,"s:195:4:195:Infinity":30,"s:196:4:196:Infinity":31,"s:197:4:197:Infinity":32,"s:198:4:198:Infinity":33,"s:199:4:199:Infinity":34,"s:201:4:201:Infinity":35,"s:202:4:202:Infinity":36,"s:203:4:203:Infinity":37,"s:204:4:204:Infinity":38,"s:206:4:206:Infinity":39,"s:207:4:207:Infinity":40,"s:209:4:209:Infinity":41,"s:210:4:210:Infinity":42,"s:211:4:211:Infinity":43,"s:212:4:212:Infinity":44,"s:213:4:213:Infinity":45,"s:214:4:214:Infinity":46,"s:215:4:215:Infinity":47,"s:217:4:217:Infinity":48,"s:218:4:218:Infinity":49,"s:219:4:219:Infinity":50,"s:222:4:222:Infinity":51,"b:222:54:222:63:222:63:222:70":6,"s:225:4:225:Infinity":52,"s:226:4:226:Infinity":53,"f:232:2:232:12":8,"s:233:4:233:Infinity":54,"s:234:4:234:Infinity":55,"f:234:11:234:17":9,"s:234:17:234:Infinity":56,"f:237:10:237:34":10,"s:238:4:238:Infinity":57,"f:238:27:238:28":11,"s:238:41:238:85":58,"s:242:28:242:Infinity":59}}}
}
